#
# There is insufficient memory for the Java Runtime Environment to continue.
# Native memory allocation (malloc) failed to allocate 1726736 bytes for Chunk::new
# Possible reasons:
#   The system is out of physical RAM or swap space
#   The process is running with CompressedOops enabled, and the Java Heap may be blocking the growth of the native heap
# Possible solutions:
#   Reduce memory load on the system
#   Increase physical memory or swap space
#   Check if swap backing store is full
#   Decrease Java heap size (-Xmx/-Xms)
#   Decrease number of Java threads
#   Decrease Java thread stack sizes (-Xss)
#   Set larger code cache with -XX:ReservedCodeCacheSize=
#   JVM is running with Unscaled Compressed Oops mode in which the Java heap is
#     placed in the first 4GB address space. The Java Heap base address is the
#     maximum limit for the native heap growth. Please use -XX:HeapBaseMinAddress
#     to set the Java Heap base and to place the Java Heap above 4GB virtual address.
# This output file may be truncated or incomplete.
#
#  Out of Memory Error (arena.cpp:189), pid=19700, tid=10380
#
# JRE version: OpenJDK Runtime Environment Temurin-17.0.5+8 (17.0.5+8) (build 17.0.5+8)
# Java VM: OpenJDK 64-Bit Server VM Temurin-17.0.5+8 (17.0.5+8, mixed mode, tiered, compressed oops, compressed class ptrs, g1 gc, windows-amd64)
# No core dump will be written. Minidumps are not enabled by default on client versions of Windows
#

---------------  S U M M A R Y ------------

Command Line: -ea -Dfile.encoding=UTF-8 -XX:+ShowCodeDetailsInExceptionMessages org.testng.remote.RemoteTestNG -serport 62290 -protocol json -d D:\Selenium\eclipse-java-2022-12-R-win32-x86_64\eclipse-java-2022-12-R-win32-x86_64\eclipse\projects-workspace\MavenProject\test-output C:\Users\hp\AppData\Local\Temp\testng-eclipse--1666572134\testng-customsuite.xml

Host: Intel(R) Core(TM) i3-1005G1 CPU @ 1.20GHz, 4 cores, 3G,  Windows 11 , 64 bit Build 22621 (10.0.22621.2428)
Time: Mon Oct 23 16:42:27 2023 India Standard Time elapsed time: 6.667326 seconds (0d 0h 0m 6s)

---------------  T H R E A D  ---------------

Current thread (0x0000023adee2f6f0):  JavaThread "C2 CompilerThread0" daemon [_thread_in_native, id=10380, stack(0x0000005cfa300000,0x0000005cfa400000)]


Current CompileTask:
C2:   6667 2576   !   4       jdk.internal.loader.URLClassPath$JarLoader::getResource (354 bytes)

Stack: [0x0000005cfa300000,0x0000005cfa400000]
Native frames: (J=compiled Java code, j=interpreted, Vv=VM code, C=native code)
V  [jvm.dll+0x676b3a]
V  [jvm.dll+0x831444]
V  [jvm.dll+0x832bee]
V  [jvm.dll+0x833253]
V  [jvm.dll+0x244ce5]
V  [jvm.dll+0xabbac]
V  [jvm.dll+0xac17c]
V  [jvm.dll+0x362d02]
V  [jvm.dll+0x32d591]
V  [jvm.dll+0x32ca3a]
V  [jvm.dll+0x217b51]
V  [jvm.dll+0x216f71]
V  [jvm.dll+0x1a343d]
V  [jvm.dll+0x22698a]
V  [jvm.dll+0x224ac5]
V  [jvm.dll+0x7e727b]
V  [jvm.dll+0x7e17ea]
V  [jvm.dll+0x6759e5]
C  [ucrtbase.dll+0x29363]
C  [KERNEL32.DLL+0x1257d]
C  [ntdll.dll+0x5aa78]


---------------  P R O C E S S  ---------------

Threads class SMR info:
_java_thread_list=0x0000023ae0d44820, length=26, elements={
0x0000023ac7e3c7d0, 0x0000023adee0f670, 0x0000023adee10220, 0x0000023adf808190,
0x0000023adf80ab50, 0x0000023adf811520, 0x0000023adf811ed0, 0x0000023adee2f6f0,
0x0000023adee2fff0, 0x0000023adee420c0, 0x0000023adf901d60, 0x0000023adf976da0,
0x0000023ae0380fc0, 0x0000023ae07c6de0, 0x0000023ae07c72b0, 0x0000023ae07c7780,
0x0000023ae212b3f0, 0x0000023ae2117040, 0x0000023ae20f1210, 0x0000023ae20f03a0,
0x0000023ae20f1bb0, 0x0000023ae20f2080, 0x0000023ae20f2550, 0x0000023ae20f16e0,
0x0000023ae20ef060, 0x0000023ae20ef530
}

Java Threads: ( => current thread )
  0x0000023ac7e3c7d0 JavaThread "main" [_thread_in_Java, id=3508, stack(0x0000005cf9600000,0x0000005cf9700000)]
  0x0000023adee0f670 JavaThread "Reference Handler" daemon [_thread_blocked, id=14048, stack(0x0000005cf9d00000,0x0000005cf9e00000)]
  0x0000023adee10220 JavaThread "Finalizer" daemon [_thread_blocked, id=18052, stack(0x0000005cf9e00000,0x0000005cf9f00000)]
  0x0000023adf808190 JavaThread "Signal Dispatcher" daemon [_thread_blocked, id=19940, stack(0x0000005cf9f00000,0x0000005cfa000000)]
  0x0000023adf80ab50 JavaThread "Attach Listener" daemon [_thread_blocked, id=2820, stack(0x0000005cfa000000,0x0000005cfa100000)]
  0x0000023adf811520 JavaThread "Service Thread" daemon [_thread_blocked, id=6832, stack(0x0000005cfa100000,0x0000005cfa200000)]
  0x0000023adf811ed0 JavaThread "Monitor Deflation Thread" daemon [_thread_blocked, id=16984, stack(0x0000005cfa200000,0x0000005cfa300000)]
=>0x0000023adee2f6f0 JavaThread "C2 CompilerThread0" daemon [_thread_in_native, id=10380, stack(0x0000005cfa300000,0x0000005cfa400000)]
  0x0000023adee2fff0 JavaThread "C1 CompilerThread0" daemon [_thread_blocked, id=16828, stack(0x0000005cfa400000,0x0000005cfa500000)]
  0x0000023adee420c0 JavaThread "Sweeper thread" daemon [_thread_blocked, id=14160, stack(0x0000005cfa500000,0x0000005cfa600000)]
  0x0000023adf901d60 JavaThread "Notification Thread" daemon [_thread_blocked, id=6052, stack(0x0000005cfa600000,0x0000005cfa700000)]
  0x0000023adf976da0 JavaThread "Common-Cleaner" daemon [_thread_blocked, id=16068, stack(0x0000005cfa800000,0x0000005cfa900000)]
  0x0000023ae0380fc0 JavaThread "ReaderThread" [_thread_in_native, id=4116, stack(0x0000005cfad00000,0x0000005cfae00000)]
  0x0000023ae07c6de0 JavaThread "ForkJoinPool.commonPool-worker-1" daemon [_thread_blocked, id=8580, stack(0x0000005cfae00000,0x0000005cfaf00000)]
  0x0000023ae07c72b0 JavaThread "ForkJoinPool.commonPool-worker-2" daemon [_thread_blocked, id=9788, stack(0x0000005cfaf00000,0x0000005cfb000000)]
  0x0000023ae07c7780 JavaThread "ForkJoinPool.commonPool-worker-3" daemon [_thread_blocked, id=1856, stack(0x0000005cfb000000,0x0000005cfb100000)]
  0x0000023ae212b3f0 JavaThread "AsyncHttpClient-1-1" daemon [_thread_blocked, id=20140, stack(0x0000005cfb100000,0x0000005cfb200000)]
  0x0000023ae2117040 JavaThread "Exec Default Executor" daemon [_thread_in_native, id=7632, stack(0x0000005cfb200000,0x0000005cfb300000)]
  0x0000023ae20f1210 JavaThread "Exec Stream Pumper" daemon [_thread_in_native, id=19984, stack(0x0000005cfb300000,0x0000005cfb400000)]
  0x0000023ae20f03a0 JavaThread "Exec Stream Pumper" daemon [_thread_in_native, id=18552, stack(0x0000005cfb400000,0x0000005cfb500000)]
  0x0000023ae20f1bb0 JavaThread "Driver Service Executor" daemon [_thread_blocked, id=15624, stack(0x0000005cfb500000,0x0000005cfb600000)]
  0x0000023ae20f2080 JavaThread "Driver Service Executor" daemon [_thread_blocked, id=9732, stack(0x0000005cfb600000,0x0000005cfb700000)]
  0x0000023ae20f2550 JavaThread "UrlChecker-2" daemon [_thread_blocked, id=19596, stack(0x0000005cfb700000,0x0000005cfb800000)]
  0x0000023ae20f16e0 JavaThread "Keep-Alive-Timer" daemon [_thread_blocked, id=2284, stack(0x0000005cfb800000,0x0000005cfb900000)]
  0x0000023ae20ef060 JavaThread "AsyncHttpClient-1-2" daemon [_thread_in_native, id=19080, stack(0x0000005cfb900000,0x0000005cfba00000)]
  0x0000023ae20ef530 JavaThread "AsyncHttpClient-1-3" daemon [_thread_in_native, id=9812, stack(0x0000005cfba00000,0x0000005cfbb00000)]

Other Threads:
  0x0000023adede80a0 VMThread "VM Thread" [stack: 0x0000005cf9c00000,0x0000005cf9d00000] [id=18700]
  0x0000023ac7ee2c40 WatcherThread [stack: 0x0000005cfa700000,0x0000005cfa800000] [id=18508]
  0x0000023ac7e78c70 GCTaskThread "GC Thread#0" [stack: 0x0000005cf9700000,0x0000005cf9800000] [id=3736]
  0x0000023adff5ff00 GCTaskThread "GC Thread#1" [stack: 0x0000005cfa900000,0x0000005cfaa00000] [id=19892]
  0x0000023ae01720c0 GCTaskThread "GC Thread#2" [stack: 0x0000005cfaa00000,0x0000005cfab00000] [id=10716]
  0x0000023adffe87f0 GCTaskThread "GC Thread#3" [stack: 0x0000005cfab00000,0x0000005cfac00000] [id=13108]
  0x0000023ac7e81c90 ConcurrentGCThread "G1 Main Marker" [stack: 0x0000005cf9800000,0x0000005cf9900000] [id=13124]
  0x0000023ac7e826a0 ConcurrentGCThread "G1 Conc#0" [stack: 0x0000005cf9900000,0x0000005cf9a00000] [id=17800]
  0x0000023ac7ec22d0 ConcurrentGCThread "G1 Refine#0" [stack: 0x0000005cf9a00000,0x0000005cf9b00000] [id=19536]
  0x0000023ac7ec2cf0 ConcurrentGCThread "G1 Service" [stack: 0x0000005cf9b00000,0x0000005cf9c00000] [id=19564]

Threads with active compile tasks:
C2 CompilerThread0     6776 2576   !   4       jdk.internal.loader.URLClassPath$JarLoader::getResource (354 bytes)

VM state: not at safepoint (normal execution)

VM Mutex/Monitor currently owned by a thread: None

Heap address: 0x00000000c3600000, size: 970 MB, Compressed Oops mode: 32-bit

CDS archive(s) not mapped
Compressed class space mapped at: 0x0000000100000000-0x0000000140000000, reserved size: 1073741824
Narrow klass base: 0x0000000000000000, Narrow klass shift: 3, Narrow klass range: 0x140000000

GC Precious Log:
 CPUs: 4 total, 4 available
 Memory: 3877M
 Large Page Support: Disabled
 NUMA Support: Disabled
 Compressed Oops: Enabled (32-bit)
 Heap Region Size: 1M
 Heap Min Capacity: 8M
 Heap Initial Capacity: 62M
 Heap Max Capacity: 970M
 Pre-touch: Disabled
 Parallel Workers: 4
 Concurrent Workers: 1
 Concurrent Refinement Workers: 4
 Periodic GC: Disabled

Heap:
 garbage-first heap   total 51200K, used 36929K [0x00000000c3600000, 0x0000000100000000)
  region size 1024K, 18 young (18432K), 1 survivors (1024K)
 Metaspace       used 33176K, committed 33536K, reserved 1081344K
  class space    used 3764K, committed 3904K, reserved 1048576K

Heap Regions: E=young(eden), S=young(survivor), O=old, HS=humongous(starts), HC=humongous(continues), CS=collection set, F=free, OA=open archive, CA=closed archive, TAMS=top-at-mark-start (previous, next)
|   0|0x00000000c3600000, 0x00000000c3700000, 0x00000000c3700000|100%| O|  |TAMS 0x00000000c3700000, 0x00000000c3600000| Untracked 
|   1|0x00000000c3700000, 0x00000000c3800000, 0x00000000c3800000|100%| O|  |TAMS 0x00000000c3800000, 0x00000000c3700000| Untracked 
|   2|0x00000000c3800000, 0x00000000c3900000, 0x00000000c3900000|100%| O|  |TAMS 0x00000000c3900000, 0x00000000c3800000| Untracked 
|   3|0x00000000c3900000, 0x00000000c3a00000, 0x00000000c3a00000|100%| O|  |TAMS 0x00000000c3a00000, 0x00000000c3900000| Untracked 
|   4|0x00000000c3a00000, 0x00000000c3b00000, 0x00000000c3b00000|100%| O|  |TAMS 0x00000000c3b00000, 0x00000000c3a00000| Untracked 
|   5|0x00000000c3b00000, 0x00000000c3c00000, 0x00000000c3c00000|100%| O|  |TAMS 0x00000000c3c00000, 0x00000000c3b00000| Untracked 
|   6|0x00000000c3c00000, 0x00000000c3d00000, 0x00000000c3d00000|100%| O|  |TAMS 0x00000000c3d00000, 0x00000000c3c00000| Untracked 
|   7|0x00000000c3d00000, 0x00000000c3e00000, 0x00000000c3e00000|100%| O|  |TAMS 0x00000000c3d10c00, 0x00000000c3d00000| Untracked 
|   8|0x00000000c3e00000, 0x00000000c3f00000, 0x00000000c3f00000|100%| O|  |TAMS 0x00000000c3e00000, 0x00000000c3e00000| Untracked 
|   9|0x00000000c3f00000, 0x00000000c4000000, 0x00000000c4000000|100%| O|  |TAMS 0x00000000c3f00000, 0x00000000c3f00000| Untracked 
|  10|0x00000000c4000000, 0x00000000c4000000, 0x00000000c4100000|  0%| F|  |TAMS 0x00000000c4000000, 0x00000000c4000000| Untracked 
|  11|0x00000000c4100000, 0x00000000c4200000, 0x00000000c4200000|100%| O|  |TAMS 0x00000000c4100000, 0x00000000c4100000| Untracked 
|  12|0x00000000c4200000, 0x00000000c4300000, 0x00000000c4300000|100%| O|  |TAMS 0x00000000c4200000, 0x00000000c4200000| Untracked 
|  13|0x00000000c4300000, 0x00000000c4400000, 0x00000000c4400000|100%| O|  |TAMS 0x00000000c4300000, 0x00000000c4300000| Untracked 
|  14|0x00000000c4400000, 0x00000000c4500000, 0x00000000c4500000|100%| O|  |TAMS 0x00000000c4400000, 0x00000000c4400000| Untracked 
|  15|0x00000000c4500000, 0x00000000c45af200, 0x00000000c4600000| 68%| O|  |TAMS 0x00000000c4500000, 0x00000000c4500000| Untracked 
|  16|0x00000000c4600000, 0x00000000c4700000, 0x00000000c4700000|100%|HS|  |TAMS 0x00000000c4600000, 0x00000000c4600000| Complete 
|  17|0x00000000c4700000, 0x00000000c4800000, 0x00000000c4800000|100%|HC|  |TAMS 0x00000000c4700000, 0x00000000c4700000| Complete 
|  18|0x00000000c4800000, 0x00000000c4900000, 0x00000000c4900000|100%|HC|  |TAMS 0x00000000c4800000, 0x00000000c4800000| Complete 
|  19|0x00000000c4900000, 0x00000000c4a00000, 0x00000000c4a00000|100%|HC|  |TAMS 0x00000000c4900000, 0x00000000c4900000| Complete 
|  20|0x00000000c4a00000, 0x00000000c4b00000, 0x00000000c4b00000|100%|HC|  |TAMS 0x00000000c4a00000, 0x00000000c4a00000| Complete 
|  21|0x00000000c4b00000, 0x00000000c4b00000, 0x00000000c4c00000|  0%| F|  |TAMS 0x00000000c4b00000, 0x00000000c4b00000| Untracked 
|  22|0x00000000c4c00000, 0x00000000c4c00000, 0x00000000c4d00000|  0%| F|  |TAMS 0x00000000c4c00000, 0x00000000c4c00000| Untracked 
|  23|0x00000000c4d00000, 0x00000000c4d00000, 0x00000000c4e00000|  0%| F|  |TAMS 0x00000000c4d00000, 0x00000000c4d00000| Untracked 
|  24|0x00000000c4e00000, 0x00000000c4e00000, 0x00000000c4f00000|  0%| F|  |TAMS 0x00000000c4e00000, 0x00000000c4e00000| Untracked 
|  25|0x00000000c4f00000, 0x00000000c4f00000, 0x00000000c5000000|  0%| F|  |TAMS 0x00000000c4f00000, 0x00000000c4f00000| Untracked 
|  26|0x00000000c5000000, 0x00000000c5000000, 0x00000000c5100000|  0%| F|  |TAMS 0x00000000c5000000, 0x00000000c5000000| Untracked 
|  27|0x00000000c5100000, 0x00000000c5100000, 0x00000000c5200000|  0%| F|  |TAMS 0x00000000c5100000, 0x00000000c5100000| Untracked 
|  28|0x00000000c5200000, 0x00000000c5200000, 0x00000000c5300000|  0%| F|  |TAMS 0x00000000c5200000, 0x00000000c5200000| Untracked 
|  29|0x00000000c5300000, 0x00000000c5300000, 0x00000000c5400000|  0%| F|  |TAMS 0x00000000c5300000, 0x00000000c5300000| Untracked 
|  30|0x00000000c5400000, 0x00000000c5400000, 0x00000000c5500000|  0%| F|  |TAMS 0x00000000c5400000, 0x00000000c5400000| Untracked 
|  31|0x00000000c5500000, 0x00000000c5500000, 0x00000000c5600000|  0%| F|  |TAMS 0x00000000c5500000, 0x00000000c5500000| Untracked 
|  32|0x00000000c5600000, 0x00000000c5659f08, 0x00000000c5700000| 35%| E|  |TAMS 0x00000000c5600000, 0x00000000c5600000| Complete 
|  33|0x00000000c5700000, 0x00000000c5800000, 0x00000000c5800000|100%| E|CS|TAMS 0x00000000c5700000, 0x00000000c5700000| Complete 
|  34|0x00000000c5800000, 0x00000000c5900000, 0x00000000c5900000|100%| E|CS|TAMS 0x00000000c5800000, 0x00000000c5800000| Complete 
|  35|0x00000000c5900000, 0x00000000c5a00000, 0x00000000c5a00000|100%| E|CS|TAMS 0x00000000c5900000, 0x00000000c5900000| Complete 
|  36|0x00000000c5a00000, 0x00000000c5b00000, 0x00000000c5b00000|100%| E|CS|TAMS 0x00000000c5a00000, 0x00000000c5a00000| Complete 
|  37|0x00000000c5b00000, 0x00000000c5c00000, 0x00000000c5c00000|100%| E|CS|TAMS 0x00000000c5b00000, 0x00000000c5b00000| Complete 
|  38|0x00000000c5c00000, 0x00000000c5d00000, 0x00000000c5d00000|100%| E|CS|TAMS 0x00000000c5c00000, 0x00000000c5c00000| Complete 
|  39|0x00000000c5d00000, 0x00000000c5e00000, 0x00000000c5e00000|100%| E|CS|TAMS 0x00000000c5d00000, 0x00000000c5d00000| Complete 
|  40|0x00000000c5e00000, 0x00000000c5f00000, 0x00000000c5f00000|100%| E|CS|TAMS 0x00000000c5e00000, 0x00000000c5e00000| Complete 
|  41|0x00000000c5f00000, 0x00000000c6000000, 0x00000000c6000000|100%| E|CS|TAMS 0x00000000c5f00000, 0x00000000c5f00000| Complete 
|  42|0x00000000c6000000, 0x00000000c6100000, 0x00000000c6100000|100%| E|CS|TAMS 0x00000000c6000000, 0x00000000c6000000| Complete 
|  43|0x00000000c6100000, 0x00000000c6200000, 0x00000000c6200000|100%| E|CS|TAMS 0x00000000c6100000, 0x00000000c6100000| Complete 
|  44|0x00000000c6200000, 0x00000000c6300000, 0x00000000c6300000|100%| E|CS|TAMS 0x00000000c6200000, 0x00000000c6200000| Complete 
|  45|0x00000000c6300000, 0x00000000c6400000, 0x00000000c6400000|100%| E|CS|TAMS 0x00000000c6300000, 0x00000000c6300000| Complete 
|  46|0x00000000c6400000, 0x00000000c6500000, 0x00000000c6500000|100%| E|CS|TAMS 0x00000000c6400000, 0x00000000c6400000| Complete 
|  47|0x00000000c6500000, 0x00000000c6600000, 0x00000000c6600000|100%| E|CS|TAMS 0x00000000c6500000, 0x00000000c6500000| Complete 
|  48|0x00000000c6600000, 0x00000000c6661540, 0x00000000c6700000| 38%| S|CS|TAMS 0x00000000c6600000, 0x00000000c6600000| Complete 
|  61|0x00000000c7300000, 0x00000000c7400000, 0x00000000c7400000|100%| E|CS|TAMS 0x00000000c7300000, 0x00000000c7300000| Complete 

Card table byte_map: [0x0000023ada6d0000,0x0000023ada8c0000] _byte_map_base: 0x0000023ada0b5000

Marking Bits (Prev, Next): (CMBitMap*) 0x0000023ac7e792c0, (CMBitMap*) 0x0000023ac7e79280
 Prev Bits: [0x0000023adb9e0000, 0x0000023adc908000)
 Next Bits: [0x0000023adaab0000, 0x0000023adb9d8000)

Polling page: 0x0000023ac5d20000

Metaspace:

Usage:
  Non-class:     28.72 MB used.
      Class:      3.68 MB used.
       Both:     32.40 MB used.

Virtual space:
  Non-class space:       32.00 MB reserved,      28.94 MB ( 90%) committed,  4 nodes.
      Class space:        1.00 GB reserved,       3.81 MB ( <1%) committed,  1 nodes.
             Both:        1.03 GB reserved,      32.75 MB (  3%) committed. 

Chunk freelists:
   Non-Class:  2.69 MB
       Class:  223.00 KB
        Both:  2.90 MB

MaxMetaspaceSize: unlimited
CompressedClassSpaceSize: 1.00 GB
Initial GC threshold: 21.00 MB
Current GC threshold: 35.56 MB
CDS: off
MetaspaceReclaimPolicy: balanced
 - commit_granule_bytes: 65536.
 - commit_granule_words: 8192.
 - virtual_space_node_default_size: 1048576.
 - enlarge_chunks_in_place: 1.
 - new_chunks_are_fully_committed: 0.
 - uncommit_free_chunks: 1.
 - use_allocation_guard: 0.
 - handle_deallocations: 1.


Internal statistics:

num_allocs_failed_limit: 3.
num_arena_births: 342.
num_arena_deaths: 0.
num_vsnodes_births: 5.
num_vsnodes_deaths: 0.
num_space_committed: 524.
num_space_uncommitted: 0.
num_chunks_returned_to_freelist: 3.
num_chunks_taken_from_freelist: 1030.
num_chunk_merges: 0.
num_chunk_splits: 671.
num_chunks_enlarged: 497.
num_purges: 0.
num_inconsistent_stats: 0.

CodeHeap 'non-profiled nmethods': size=120000Kb used=1099Kb max_used=1099Kb free=118900Kb
 bounds [0x0000023ad2fb0000, 0x0000023ad3220000, 0x0000023ada4e0000]
CodeHeap 'profiled nmethods': size=120000Kb used=5338Kb max_used=5338Kb free=114661Kb
 bounds [0x0000023acba80000, 0x0000023acbfc0000, 0x0000023ad2fb0000]
CodeHeap 'non-nmethods': size=5760Kb used=1296Kb max_used=1300Kb free=4464Kb
 bounds [0x0000023acb4e0000, 0x0000023acb750000, 0x0000023acba80000]
 total_blobs=3256 nmethods=2655 adapters=513
 compilation: enabled
              stopped_count=0, restarted_count=0
 full_count=0

Compilation events (20 events):
Event: 6.634 Thread 0x0000023adee2fff0 2606       3       java.nio.charset.CoderResult::isOverflow (14 bytes)
Event: 6.634 Thread 0x0000023adee2fff0 nmethod 2606 0x0000023acbfa1e90 code [0x0000023acbfa2020, 0x0000023acbfa2198]
Event: 6.635 Thread 0x0000023adee2fff0 2607       3       com.google.common.base.AbstractIterator::next (37 bytes)
Event: 6.635 Thread 0x0000023adee2fff0 nmethod 2607 0x0000023acbfa2210 code [0x0000023acbfa23e0, 0x0000023acbfa2738]
Event: 6.635 Thread 0x0000023adee2fff0 2609       3       com.google.common.base.Splitter$SplittingIterator::computeNext (279 bytes)
Event: 6.636 Thread 0x0000023adee2fff0 nmethod 2609 0x0000023acbfa2890 code [0x0000023acbfa2b80, 0x0000023acbfa3e28]
Event: 6.636 Thread 0x0000023adee2fff0 2608       3       com.google.common.base.NullnessCasts::uncheckedCastNullableTToT (2 bytes)
Event: 6.636 Thread 0x0000023adee2fff0 nmethod 2608 0x0000023acbfa4310 code [0x0000023acbfa44a0, 0x0000023acbfa4598]
Event: 6.636 Thread 0x0000023adee2fff0 2610       3       com.google.common.base.Splitter$1$1::separatorEnd (4 bytes)
Event: 6.637 Thread 0x0000023adee2fff0 nmethod 2610 0x0000023acbfa4610 code [0x0000023acbfa47a0, 0x0000023acbfa48b8]
Event: 6.637 Thread 0x0000023adee2fff0 2611       3       com.google.common.collect.ImmutableList$Builder::getReadyToExpandTo (66 bytes)
Event: 6.637 Thread 0x0000023adee2fff0 nmethod 2611 0x0000023acbfa4990 code [0x0000023acbfa4b80, 0x0000023acbfa4fc8]
Event: 6.637 Thread 0x0000023adee2fff0 2612       3       java.util.ImmutableCollections$ListItr::hasNext (17 bytes)
Event: 6.637 Thread 0x0000023adee2fff0 nmethod 2612 0x0000023acbfa5190 code [0x0000023acbfa5320, 0x0000023acbfa5498]
Event: 6.651 Thread 0x0000023adee2fff0 2614   !   3       java.security.AccessController::doPrivileged (22 bytes)
Event: 6.651 Thread 0x0000023adee2fff0 nmethod 2614 0x0000023acbfa5510 code [0x0000023acbfa5700, 0x0000023acbfa5b88]
Event: 6.662 Thread 0x0000023adee2fff0 2615       3       java.util.jar.JarFile$JarFileEntry::getRealName (5 bytes)
Event: 6.663 Thread 0x0000023adee2fff0 nmethod 2615 0x0000023acbfa5e10 code [0x0000023acbfa5fa0, 0x0000023acbfa60b8]
Event: 6.664 Thread 0x0000023adee2fff0 2616       2       java.io.InputStream::<init> (5 bytes)
Event: 6.664 Thread 0x0000023adee2fff0 nmethod 2616 0x0000023acbfa6190 code [0x0000023acbfa6320, 0x0000023acbfa6438]

GC Heap History (12 events):
Event: 0.751 GC heap before
{Heap before GC invocations=0 (full 0):
 garbage-first heap   total 63488K, used 12288K [0x00000000c3600000, 0x0000000100000000)
  region size 1024K, 13 young (13312K), 0 survivors (0K)
 Metaspace       used 8037K, committed 8192K, reserved 1056768K
  class space    used 694K, committed 768K, reserved 1048576K
}
Event: 0.756 GC heap after
{Heap after GC invocations=1 (full 0):
 garbage-first heap   total 63488K, used 6272K [0x00000000c3600000, 0x0000000100000000)
  region size 1024K, 2 young (2048K), 2 survivors (2048K)
 Metaspace       used 8037K, committed 8192K, reserved 1056768K
  class space    used 694K, committed 768K, reserved 1048576K
}
Event: 1.375 GC heap before
{Heap before GC invocations=1 (full 0):
 garbage-first heap   total 63488K, used 17536K [0x00000000c3600000, 0x0000000100000000)
  region size 1024K, 13 young (13312K), 2 survivors (2048K)
 Metaspace       used 13964K, committed 14208K, reserved 1064960K
  class space    used 1377K, committed 1472K, reserved 1048576K
}
Event: 1.379 GC heap after
{Heap after GC invocations=2 (full 0):
 garbage-first heap   total 63488K, used 7497K [0x00000000c3600000, 0x0000000100000000)
  region size 1024K, 2 young (2048K), 2 survivors (2048K)
 Metaspace       used 13964K, committed 14208K, reserved 1064960K
  class space    used 1377K, committed 1472K, reserved 1048576K
}
Event: 2.320 GC heap before
{Heap before GC invocations=2 (full 0):
 garbage-first heap   total 63488K, used 25929K [0x00000000c3600000, 0x0000000100000000)
  region size 1024K, 20 young (20480K), 2 survivors (2048K)
 Metaspace       used 19158K, committed 19456K, reserved 1073152K
  class space    used 1974K, committed 2112K, reserved 1048576K
}
Event: 2.325 GC heap after
{Heap after GC invocations=3 (full 0):
 garbage-first heap   total 63488K, used 10307K [0x00000000c3600000, 0x0000000100000000)
  region size 1024K, 3 young (3072K), 3 survivors (3072K)
 Metaspace       used 19158K, committed 19456K, reserved 1073152K
  class space    used 1974K, committed 2112K, reserved 1048576K
}
Event: 2.725 GC heap before
{Heap before GC invocations=3 (full 0):
 garbage-first heap   total 63488K, used 25667K [0x00000000c3600000, 0x0000000100000000)
  region size 1024K, 19 young (19456K), 3 survivors (3072K)
 Metaspace       used 21234K, committed 21504K, reserved 1073152K
  class space    used 2171K, committed 2304K, reserved 1048576K
}
Event: 2.730 GC heap after
{Heap after GC invocations=4 (full 0):
 garbage-first heap   total 63488K, used 13223K [0x00000000c3600000, 0x0000000100000000)
  region size 1024K, 3 young (3072K), 3 survivors (3072K)
 Metaspace       used 21234K, committed 21504K, reserved 1073152K
  class space    used 2171K, committed 2304K, reserved 1048576K
}
Event: 3.702 GC heap before
{Heap before GC invocations=5 (full 0):
 garbage-first heap   total 51200K, used 36775K [0x00000000c3600000, 0x0000000100000000)
  region size 1024K, 27 young (27648K), 3 survivors (3072K)
 Metaspace       used 29093K, committed 29376K, reserved 1081344K
  class space    used 3185K, committed 3328K, reserved 1048576K
}
Event: 3.708 GC heap after
{Heap after GC invocations=6 (full 0):
 garbage-first heap   total 51200K, used 15224K [0x00000000c3600000, 0x0000000100000000)
  region size 1024K, 2 young (2048K), 2 survivors (2048K)
 Metaspace       used 29093K, committed 29376K, reserved 1081344K
  class space    used 3185K, committed 3328K, reserved 1048576K
}
Event: 3.739 GC heap before
{Heap before GC invocations=6 (full 0):
 garbage-first heap   total 51200K, used 16248K [0x00000000c3600000, 0x0000000100000000)
  region size 1024K, 3 young (3072K), 2 survivors (2048K)
 Metaspace       used 29369K, committed 29760K, reserved 1081344K
  class space    used 3219K, committed 3392K, reserved 1048576K
}
Event: 3.741 GC heap after
{Heap after GC invocations=7 (full 0):
 garbage-first heap   total 51200K, used 15425K [0x00000000c3600000, 0x0000000100000000)
  region size 1024K, 1 young (1024K), 1 survivors (1024K)
 Metaspace       used 29369K, committed 29760K, reserved 1081344K
  class space    used 3219K, committed 3392K, reserved 1048576K
}

Dll operation events (9 events):
Event: 0.018 Loaded shared library D:\Selenium\eclipse-java-2022-12-R-win32-x86_64\eclipse-java-2022-12-R-win32-x86_64\eclipse\plugins\org.eclipse.justj.openjdk.hotspot.jre.full.win32.x86_64_17.0.5.v20221102-0933\jre\bin\java.dll
Event: 0.187 Loaded shared library D:\Selenium\eclipse-java-2022-12-R-win32-x86_64\eclipse-java-2022-12-R-win32-x86_64\eclipse\plugins\org.eclipse.justj.openjdk.hotspot.jre.full.win32.x86_64_17.0.5.v20221102-0933\jre\bin\net.dll
Event: 0.189 Loaded shared library D:\Selenium\eclipse-java-2022-12-R-win32-x86_64\eclipse-java-2022-12-R-win32-x86_64\eclipse\plugins\org.eclipse.justj.openjdk.hotspot.jre.full.win32.x86_64_17.0.5.v20221102-0933\jre\bin\nio.dll
Event: 0.203 Loaded shared library D:\Selenium\eclipse-java-2022-12-R-win32-x86_64\eclipse-java-2022-12-R-win32-x86_64\eclipse\plugins\org.eclipse.justj.openjdk.hotspot.jre.full.win32.x86_64_17.0.5.v20221102-0933\jre\bin\zip.dll
Event: 0.582 Loaded shared library D:\Selenium\eclipse-java-2022-12-R-win32-x86_64\eclipse-java-2022-12-R-win32-x86_64\eclipse\plugins\org.eclipse.justj.openjdk.hotspot.jre.full.win32.x86_64_17.0.5.v20221102-0933\jre\bin\jimage.dll
Event: 1.649 Loaded shared library D:\Selenium\eclipse-java-2022-12-R-win32-x86_64\eclipse-java-2022-12-R-win32-x86_64\eclipse\plugins\org.eclipse.justj.openjdk.hotspot.jre.full.win32.x86_64_17.0.5.v20221102-0933\jre\bin\sunmscapi.dll
Event: 2.291 Loaded shared library D:\Selenium\eclipse-java-2022-12-R-win32-x86_64\eclipse-java-2022-12-R-win32-x86_64\eclipse\plugins\org.eclipse.justj.openjdk.hotspot.jre.full.win32.x86_64_17.0.5.v20221102-0933\jre\bin\verify.dll
Event: 3.079 Loaded shared library D:\Selenium\eclipse-java-2022-12-R-win32-x86_64\eclipse-java-2022-12-R-win32-x86_64\eclipse\plugins\org.eclipse.justj.openjdk.hotspot.jre.full.win32.x86_64_17.0.5.v20221102-0933\jre\bin\management.dll
Event: 3.127 Loaded shared library D:\Selenium\eclipse-java-2022-12-R-win32-x86_64\eclipse-java-2022-12-R-win32-x86_64\eclipse\plugins\org.eclipse.justj.openjdk.hotspot.jre.full.win32.x86_64_17.0.5.v20221102-0933\jre\bin\management_ext.dll

Deoptimization events (20 events):
Event: 3.278 Thread 0x0000023ac7e3c7d0 Uncommon trap: trap_request=0xffffff45 fr.pc=0x0000023ad304e590 relative=0x0000000000000210
Event: 3.278 Thread 0x0000023ac7e3c7d0 Uncommon trap: reason=unstable_if action=reinterpret pc=0x0000023ad304e590 method=java.util.HashMap.putVal(ILjava/lang/Object;Ljava/lang/Object;ZZ)Ljava/lang/Object; @ 162 c2
Event: 3.278 Thread 0x0000023ac7e3c7d0 DEOPT PACKING pc=0x0000023ad304e590 sp=0x0000005cf96f9200
Event: 3.278 Thread 0x0000023ac7e3c7d0 DEOPT UNPACKING pc=0x0000023acb535ba3 sp=0x0000005cf96f9128 mode 2
Event: 3.306 Thread 0x0000023ac7e3c7d0 Uncommon trap: trap_request=0xffffff45 fr.pc=0x0000023ad304b5a0 relative=0x00000000000001c0
Event: 3.306 Thread 0x0000023ac7e3c7d0 Uncommon trap: reason=unstable_if action=reinterpret pc=0x0000023ad304b5a0 method=java.util.HashMap.putVal(ILjava/lang/Object;Ljava/lang/Object;ZZ)Ljava/lang/Object; @ 162 c2
Event: 3.306 Thread 0x0000023ac7e3c7d0 DEOPT PACKING pc=0x0000023ad304b5a0 sp=0x0000005cf96f96c0
Event: 3.306 Thread 0x0000023ac7e3c7d0 DEOPT UNPACKING pc=0x0000023acb535ba3 sp=0x0000005cf96f9650 mode 2
Event: 3.559 Thread 0x0000023ac7e3c7d0 Uncommon trap: trap_request=0xffffff45 fr.pc=0x0000023ad305f3bc relative=0x000000000000061c
Event: 3.559 Thread 0x0000023ac7e3c7d0 Uncommon trap: reason=unstable_if action=reinterpret pc=0x0000023ad305f3bc method=java.lang.String.replace(CC)Ljava/lang/String; @ 2 c2
Event: 3.559 Thread 0x0000023ac7e3c7d0 DEOPT PACKING pc=0x0000023ad305f3bc sp=0x0000005cf96fd950
Event: 3.559 Thread 0x0000023ac7e3c7d0 DEOPT UNPACKING pc=0x0000023acb535ba3 sp=0x0000005cf96fd900 mode 2
Event: 3.812 Thread 0x0000023ac7e3c7d0 Uncommon trap: trap_request=0xffffff45 fr.pc=0x0000023ad30b90ac relative=0x000000000000018c
Event: 3.812 Thread 0x0000023ac7e3c7d0 Uncommon trap: reason=unstable_if action=reinterpret pc=0x0000023ad30b90ac method=java.util.regex.Pattern$BmpCharProperty.match(Ljava/util/regex/Matcher;ILjava/lang/CharSequence;)Z @ 39 c2
Event: 3.812 Thread 0x0000023ac7e3c7d0 DEOPT PACKING pc=0x0000023ad30b90ac sp=0x0000005cf96fd110
Event: 3.812 Thread 0x0000023ac7e3c7d0 DEOPT UNPACKING pc=0x0000023acb535ba3 sp=0x0000005cf96fd0c0 mode 2
Event: 3.935 Thread 0x0000023ae20ef060 Uncommon trap: trap_request=0xffffff45 fr.pc=0x0000023ad3088454 relative=0x0000000000000054
Event: 3.935 Thread 0x0000023ae20ef060 Uncommon trap: reason=unstable_if action=reinterpret pc=0x0000023ad3088454 method=java.lang.CharacterData.of(I)Ljava/lang/CharacterData; @ 15 c2
Event: 3.935 Thread 0x0000023ae20ef060 DEOPT PACKING pc=0x0000023ad3088454 sp=0x0000005cfb9fd9c0
Event: 3.935 Thread 0x0000023ae20ef060 DEOPT UNPACKING pc=0x0000023acb535ba3 sp=0x0000005cfb9fd948 mode 2

Classes unloaded (0 events):
No events

Classes redefined (0 events):
No events

Internal exceptions (20 events):
Event: 2.961 Thread 0x0000023ac7e3c7d0 Exception <a 'java/lang/IncompatibleClassChangeError'{0x00000000c5e819a0}: Found class java.lang.Object, but interface was expected> (0x00000000c5e819a0) 
thrown [s\src\hotspot\share\interpreter\linkResolver.cpp, line 826]
Event: 2.965 Thread 0x0000023ac7e3c7d0 Exception <a 'java/lang/NoSuchMethodError'{0x00000000c5e97940}: 'void java.lang.invoke.DirectMethodHandle$Holder.invokeSpecial(java.lang.Object, java.lang.Object, java.lang.Object, java.lang.Object, java.lang.Object)'> (0x00000000c5e97940) 
thrown [s\src\hotspot\share\interpreter\linkResolver.cpp, line 759]
Event: 3.512 Thread 0x0000023ac7e3c7d0 Exception <a 'java/lang/NoSuchMethodError'{0x00000000c51774e8}: 'java.lang.Object java.lang.invoke.DirectMethodHandle$Holder.invokeSpecialIFC(java.lang.Object, java.lang.Object, java.lang.Object, java.lang.Object)'> (0x00000000c51774e8) 
thrown [s\src\hotspot\share\interpreter\linkResolver.cpp, line 759]
Event: 3.534 Thread 0x0000023ac7e3c7d0 Exception <a 'java/lang/NoSuchMethodError'{0x00000000c507dfa0}: 'java.lang.Object java.lang.invoke.DirectMethodHandle$Holder.invokeInterface(java.lang.Object, java.lang.Object, java.lang.Object, java.lang.Object)'> (0x00000000c507dfa0) 
thrown [s\src\hotspot\share\interpreter\linkResolver.cpp, line 759]
Event: 3.536 Thread 0x0000023ac7e3c7d0 Exception <a 'java/lang/NoSuchMethodError'{0x00000000c508a520}: 'void java.lang.invoke.DirectMethodHandle$Holder.invokeInterface(java.lang.Object, java.lang.Object, java.lang.Object)'> (0x00000000c508a520) 
thrown [s\src\hotspot\share\interpreter\linkResolver.cpp, line 759]
Event: 3.540 Thread 0x0000023ac7e3c7d0 Exception <a 'java/lang/NoSuchMethodError'{0x00000000c509ec98}: 'java.lang.Object java.lang.invoke.DirectMethodHandle$Holder.invokeInterface(java.lang.Object, java.lang.Object, java.lang.Object)'> (0x00000000c509ec98) 
thrown [s\src\hotspot\share\interpreter\linkResolver.cpp, line 759]
Event: 3.540 Thread 0x0000023ac7e3c7d0 Exception <a 'java/lang/IncompatibleClassChangeError'{0x00000000c50a2360}: Found class java.lang.Object, but interface was expected> (0x00000000c50a2360) 
thrown [s\src\hotspot\share\interpreter\linkResolver.cpp, line 826]
Event: 3.541 Thread 0x0000023ac7e3c7d0 Exception <a 'java/lang/NoSuchMethodError'{0x00000000c50aaa70}: 'int java.lang.invoke.DirectMethodHandle$Holder.invokeSpecialIFC(java.lang.Object, java.lang.Object, java.lang.Object, java.lang.Object)'> (0x00000000c50aaa70) 
thrown [s\src\hotspot\share\interpreter\linkResolver.cpp, line 759]
Event: 3.572 Thread 0x0000023ae2117040 Exception <a 'java/lang/NoSuchMethodError'{0x00000000c4f87ae0}: 'void java.lang.invoke.DirectMethodHandle$Holder.invokeStatic(java.lang.Object, long)'> (0x00000000c4f87ae0) 
thrown [s\src\hotspot\share\interpreter\linkResolver.cpp, line 759]
Event: 3.574 Thread 0x0000023ae2117040 Exception <a 'java/lang/NoSuchMethodError'{0x00000000c4f8ce88}: 'java.lang.Object java.lang.invoke.DirectMethodHandle$Holder.newInvokeSpecial(java.lang.Object, long)'> (0x00000000c4f8ce88) 
thrown [s\src\hotspot\share\interpreter\linkResolver.cpp, line 759]
Event: 3.576 Thread 0x0000023ae2117040 Exception <a 'java/lang/NoSuchMethodError'{0x00000000c4f939b0}: 'java.lang.Object java.lang.invoke.DirectMethodHandle$Holder.invokeStatic(java.lang.Object, java.lang.Object, long, java.lang.Object)'> (0x00000000c4f939b0) 
thrown [s\src\hotspot\share\interpreter\linkResolver.cpp, line 759]
Event: 3.577 Thread 0x0000023ae2117040 Exception <a 'java/lang/NoSuchMethodError'{0x00000000c4f971a0}: 'java.lang.Object java.lang.invoke.DirectMethodHandle$Holder.invokeStaticInit(java.lang.Object, java.lang.Object, long, java.lang.Object)'> (0x00000000c4f971a0) 
thrown [s\src\hotspot\share\interpreter\linkResolver.cpp, line 759]
Event: 3.578 Thread 0x0000023ae2117040 Exception <a 'java/lang/NoSuchMethodError'{0x00000000c4f9d578}: 'java.lang.Object java.lang.invoke.DirectMethodHandle$Holder.newInvokeSpecial(java.lang.Object, java.lang.Object, long)'> (0x00000000c4f9d578) 
thrown [s\src\hotspot\share\interpreter\linkResolver.cpp, line 759]
Event: 3.665 Thread 0x0000023ac7e3c7d0 Exception <a 'java/lang/NoSuchMethodError'{0x00000000c4ec4ef0}: 'double java.lang.invoke.DirectMethodHandle$Holder.invokeVirtual(java.lang.Object, java.lang.Object)'> (0x00000000c4ec4ef0) 
thrown [s\src\hotspot\share\interpreter\linkResolver.cpp, line 759]
Event: 3.666 Thread 0x0000023ac7e3c7d0 Exception <a 'java/lang/NoSuchMethodError'{0x00000000c4ecb920}: 'float java.lang.invoke.DirectMethodHandle$Holder.invokeVirtual(java.lang.Object, java.lang.Object)'> (0x00000000c4ecb920) 
thrown [s\src\hotspot\share\interpreter\linkResolver.cpp, line 759]
Event: 3.667 Thread 0x0000023ac7e3c7d0 Exception <a 'java/lang/NoSuchMethodError'{0x00000000c4ed4900}: 'long java.lang.invoke.DirectMethodHandle$Holder.invokeVirtual(java.lang.Object, java.lang.Object)'> (0x00000000c4ed4900) 
thrown [s\src\hotspot\share\interpreter\linkResolver.cpp, line 759]
Event: 3.714 Thread 0x0000023ac7e3c7d0 Exception <a 'java/lang/NoSuchMethodError'{0x00000000c732dd38}: 'void java.lang.invoke.DirectMethodHandle$Holder.invokeStatic(java.lang.Object, java.lang.Object, int)'> (0x00000000c732dd38) 
thrown [s\src\hotspot\share\interpreter\linkResolver.cpp, line 759]
Event: 3.787 Thread 0x0000023ac7e3c7d0 Exception <a 'java/lang/NoSuchMethodError'{0x00000000c65879b0}: 'int java.lang.invoke.DirectMethodHandle$Holder.invokeSpecialIFC(java.lang.Object, java.lang.Object, java.lang.Object)'> (0x00000000c65879b0) 
thrown [s\src\hotspot\share\interpreter\linkResolver.cpp, line 759]
Event: 3.866 Thread 0x0000023ac7e3c7d0 Exception <a 'java/lang/NoSuchMethodError'{0x00000000c628a4b8}: 'void java.lang.invoke.DirectMethodHandle$Holder.invokeSpecial(java.lang.Object, java.lang.Object, java.lang.Object, java.lang.Object, java.lang.Object, java.lang.Object)'> (0x00000000c628a4b8) 
thrown [s\src\hotspot\share\interpreter\linkResolver.cpp, line 759]
Event: 6.601 Thread 0x0000023ac7e3c7d0 Exception <a 'java/lang/NoSuchMethodError'{0x00000000c5928a30}: 'java.lang.Object java.lang.invoke.DirectMethodHandle$Holder.invokeSpecialIFC(java.lang.Object, java.lang.Object, java.lang.Object)'> (0x00000000c5928a30) 
thrown [s\src\hotspot\share\interpreter\linkResolver.cpp, line 759]

VM Operations (20 events):
Event: 2.739 Executing VM operation: G1Concurrent
Event: 2.758 Executing VM operation: G1Concurrent done
Event: 2.762 Executing VM operation: G1Concurrent
Event: 2.762 Executing VM operation: G1Concurrent done
Event: 2.918 Executing VM operation: HandshakeAllThreads
Event: 2.918 Executing VM operation: HandshakeAllThreads done
Event: 2.949 Executing VM operation: HandshakeAllThreads
Event: 2.949 Executing VM operation: HandshakeAllThreads done
Event: 3.648 Executing VM operation: HandshakeAllThreads
Event: 3.648 Executing VM operation: HandshakeAllThreads done
Event: 3.648 Executing VM operation: HandshakeAllThreads
Event: 3.648 Executing VM operation: HandshakeAllThreads done
Event: 3.650 Executing VM operation: HandshakeAllThreads
Event: 3.650 Executing VM operation: HandshakeAllThreads done
Event: 3.702 Executing VM operation: G1CollectForAllocation
Event: 3.708 Executing VM operation: G1CollectForAllocation done
Event: 3.739 Executing VM operation: G1CollectForAllocation
Event: 3.741 Executing VM operation: G1CollectForAllocation done
Event: 4.763 Executing VM operation: Cleanup
Event: 4.763 Executing VM operation: Cleanup done

Events (20 events):
Event: 3.980 loading class java/nio/charset/IllegalCharsetNameException
Event: 3.980 loading class java/nio/charset/IllegalCharsetNameException done
Event: 3.980 loading class java/nio/charset/UnsupportedCharsetException
Event: 3.980 loading class java/nio/charset/UnsupportedCharsetException done
Event: 3.986 loading class sun/nio/ch/IOVecWrapper
Event: 3.986 loading class sun/nio/ch/IOVecWrapper done
Event: 3.986 loading class sun/nio/ch/AllocatedNativeObject
Event: 3.986 loading class sun/nio/ch/NativeObject
Event: 3.986 loading class sun/nio/ch/NativeObject done
Event: 3.986 loading class sun/nio/ch/AllocatedNativeObject done
Event: 3.986 loading class sun/nio/ch/IOVecWrapper$Deallocator
Event: 3.986 loading class sun/nio/ch/IOVecWrapper$Deallocator done
Event: 6.478 loading class java/util/DualPivotQuicksort
Event: 6.480 loading class java/util/DualPivotQuicksort done
Event: 6.548 loading class java/math/MathContext
Event: 6.548 loading class java/math/MathContext done
Event: 6.611 loading class java/util/concurrent/ConcurrentLinkedDeque$Itr
Event: 6.611 loading class java/util/concurrent/ConcurrentLinkedDeque$AbstractItr
Event: 6.611 loading class java/util/concurrent/ConcurrentLinkedDeque$AbstractItr done
Event: 6.611 loading class java/util/concurrent/ConcurrentLinkedDeque$Itr done


Dynamic libraries:
0x00007ff761910000 - 0x00007ff76191e000 	D:\Selenium\eclipse-java-2022-12-R-win32-x86_64\eclipse-java-2022-12-R-win32-x86_64\eclipse\plugins\org.eclipse.justj.openjdk.hotspot.jre.full.win32.x86_64_17.0.5.v20221102-0933\jre\bin\javaw.exe
0x00007ff846610000 - 0x00007ff846827000 	C:\WINDOWS\SYSTEM32\ntdll.dll
0x00007ff845e90000 - 0x00007ff845f54000 	C:\WINDOWS\System32\KERNEL32.DLL
0x00007ff843c70000 - 0x00007ff844016000 	C:\WINDOWS\System32\KERNELBASE.dll
0x00007ff843a40000 - 0x00007ff843b51000 	C:\WINDOWS\System32\ucrtbase.dll
0x00007ff817480000 - 0x00007ff817499000 	D:\Selenium\eclipse-java-2022-12-R-win32-x86_64\eclipse-java-2022-12-R-win32-x86_64\eclipse\plugins\org.eclipse.justj.openjdk.hotspot.jre.full.win32.x86_64_17.0.5.v20221102-0933\jre\bin\VCRUNTIME140.dll
0x00007ff81e900000 - 0x00007ff81e917000 	D:\Selenium\eclipse-java-2022-12-R-win32-x86_64\eclipse-java-2022-12-R-win32-x86_64\eclipse\plugins\org.eclipse.justj.openjdk.hotspot.jre.full.win32.x86_64_17.0.5.v20221102-0933\jre\bin\jli.dll
0x00007ff844930000 - 0x00007ff844add000 	C:\WINDOWS\System32\USER32.dll
0x00007ff843990000 - 0x00007ff8439b6000 	C:\WINDOWS\System32\win32u.dll
0x00007ff8460c0000 - 0x00007ff8460e9000 	C:\WINDOWS\System32\GDI32.dll
0x00007ff81fa00000 - 0x00007ff81fc93000 	C:\WINDOWS\WinSxS\amd64_microsoft.windows.common-controls_6595b64144ccf1df_6.0.22621.2361_none_2712ced57382f843\COMCTL32.dll
0x00007ff844250000 - 0x00007ff844368000 	C:\WINDOWS\System32\gdi32full.dll
0x00007ff845290000 - 0x00007ff845337000 	C:\WINDOWS\System32\msvcrt.dll
0x00007ff843bd0000 - 0x00007ff843c6a000 	C:\WINDOWS\System32\msvcp_win.dll
0x00007ff8451b0000 - 0x00007ff8451e1000 	C:\WINDOWS\System32\IMM32.DLL
0x00007ff83a390000 - 0x00007ff83a39c000 	D:\Selenium\eclipse-java-2022-12-R-win32-x86_64\eclipse-java-2022-12-R-win32-x86_64\eclipse\plugins\org.eclipse.justj.openjdk.hotspot.jre.full.win32.x86_64_17.0.5.v20221102-0933\jre\bin\vcruntime140_1.dll
0x00007ffff0d60000 - 0x00007ffff0df1000 	D:\Selenium\eclipse-java-2022-12-R-win32-x86_64\eclipse-java-2022-12-R-win32-x86_64\eclipse\plugins\org.eclipse.justj.openjdk.hotspot.jre.full.win32.x86_64_17.0.5.v20221102-0933\jre\bin\msvcp140.dll
0x00007fff98990000 - 0x00007fff995d4000 	D:\Selenium\eclipse-java-2022-12-R-win32-x86_64\eclipse-java-2022-12-R-win32-x86_64\eclipse\plugins\org.eclipse.justj.openjdk.hotspot.jre.full.win32.x86_64_17.0.5.v20221102-0933\jre\bin\server\jvm.dll
0x00007ff845de0000 - 0x00007ff845e90000 	C:\WINDOWS\System32\ADVAPI32.dll
0x00007ff844880000 - 0x00007ff844926000 	C:\WINDOWS\System32\sechost.dll
0x00007ff845f80000 - 0x00007ff846097000 	C:\WINDOWS\System32\RPCRT4.dll
0x00007ff83a0e0000 - 0x00007ff83a114000 	C:\WINDOWS\SYSTEM32\WINMM.dll
0x00007ff8379e0000 - 0x00007ff8379ea000 	C:\WINDOWS\SYSTEM32\VERSION.dll
0x00007ff8062a0000 - 0x00007ff8062a9000 	C:\WINDOWS\SYSTEM32\WSOCK32.dll
0x00007ff844ae0000 - 0x00007ff844b51000 	C:\WINDOWS\System32\WS2_32.dll
0x00007ff842970000 - 0x00007ff842988000 	C:\WINDOWS\SYSTEM32\kernel.appcore.dll
0x00007ffff9820000 - 0x00007ffff982a000 	D:\Selenium\eclipse-java-2022-12-R-win32-x86_64\eclipse-java-2022-12-R-win32-x86_64\eclipse\plugins\org.eclipse.justj.openjdk.hotspot.jre.full.win32.x86_64_17.0.5.v20221102-0933\jre\bin\jimage.dll
0x00007ff83a130000 - 0x00007ff83a35e000 	C:\WINDOWS\SYSTEM32\DBGHELP.DLL
0x00007ff844470000 - 0x00007ff8447fa000 	C:\WINDOWS\System32\combase.dll
0x00007ff845020000 - 0x00007ff8450f7000 	C:\WINDOWS\System32\OLEAUT32.dll
0x00007ff801630000 - 0x00007ff801662000 	C:\WINDOWS\SYSTEM32\dbgcore.DLL
0x00007ff8439c0000 - 0x00007ff843a3a000 	C:\WINDOWS\System32\bcryptPrimitives.dll
0x00007fffe3ae0000 - 0x00007fffe3b05000 	D:\Selenium\eclipse-java-2022-12-R-win32-x86_64\eclipse-java-2022-12-R-win32-x86_64\eclipse\plugins\org.eclipse.justj.openjdk.hotspot.jre.full.win32.x86_64_17.0.5.v20221102-0933\jre\bin\java.dll
0x00007fffe9ff0000 - 0x00007fffea008000 	D:\Selenium\eclipse-java-2022-12-R-win32-x86_64\eclipse-java-2022-12-R-win32-x86_64\eclipse\plugins\org.eclipse.justj.openjdk.hotspot.jre.full.win32.x86_64_17.0.5.v20221102-0933\jre\bin\zip.dll
0x00007ff845560000 - 0x00007ff845db8000 	C:\WINDOWS\System32\SHELL32.dll
0x00007ff841790000 - 0x00007ff842082000 	C:\WINDOWS\SYSTEM32\windows.storage.dll
0x00007ff8420b0000 - 0x00007ff8421ee000 	C:\WINDOWS\SYSTEM32\wintypes.dll
0x00007ff844dd0000 - 0x00007ff844ec3000 	C:\WINDOWS\System32\SHCORE.dll
0x00007ff8460f0000 - 0x00007ff84614e000 	C:\WINDOWS\System32\shlwapi.dll
0x00007ff8438c0000 - 0x00007ff8438e6000 	C:\WINDOWS\SYSTEM32\profapi.dll
0x00007fffe9d20000 - 0x00007fffe9d39000 	D:\Selenium\eclipse-java-2022-12-R-win32-x86_64\eclipse-java-2022-12-R-win32-x86_64\eclipse\plugins\org.eclipse.justj.openjdk.hotspot.jre.full.win32.x86_64_17.0.5.v20221102-0933\jre\bin\net.dll
0x00007ff838580000 - 0x00007ff8386b7000 	C:\WINDOWS\SYSTEM32\WINHTTP.dll
0x00007ff842e50000 - 0x00007ff842eb9000 	C:\WINDOWS\system32\mswsock.dll
0x00007fffe3ac0000 - 0x00007fffe3ad5000 	D:\Selenium\eclipse-java-2022-12-R-win32-x86_64\eclipse-java-2022-12-R-win32-x86_64\eclipse\plugins\org.eclipse.justj.openjdk.hotspot.jre.full.win32.x86_64_17.0.5.v20221102-0933\jre\bin\nio.dll
0x00007ff8424c0000 - 0x00007ff8425b9000 	C:\WINDOWS\SYSTEM32\DNSAPI.dll
0x00007ff842450000 - 0x00007ff84247d000 	C:\WINDOWS\SYSTEM32\IPHLPAPI.DLL
0x00007ff845550000 - 0x00007ff845559000 	C:\WINDOWS\System32\NSI.dll
0x00007ff820520000 - 0x00007ff82052a000 	C:\Windows\System32\rasadhlp.dll
0x00007ff836420000 - 0x00007ff8364a4000 	C:\WINDOWS\System32\fwpuclnt.dll
0x00007ff8430a0000 - 0x00007ff8430bb000 	C:\WINDOWS\SYSTEM32\CRYPTSP.dll
0x00007ff842930000 - 0x00007ff842965000 	C:\WINDOWS\system32\rsaenh.dll
0x00007ff842f40000 - 0x00007ff842f6c000 	C:\WINDOWS\SYSTEM32\USERENV.dll
0x00007ff843260000 - 0x00007ff843288000 	C:\WINDOWS\SYSTEM32\bcrypt.dll
0x00007ff8430c0000 - 0x00007ff8430cc000 	C:\WINDOWS\SYSTEM32\CRYPTBASE.dll
0x00007ff838810000 - 0x00007ff838829000 	C:\WINDOWS\SYSTEM32\dhcpcsvc6.DLL
0x00007ff837f30000 - 0x00007ff837f4f000 	C:\WINDOWS\SYSTEM32\dhcpcsvc.DLL
0x00007ff81e7e0000 - 0x00007ff81e7ee000 	D:\Selenium\eclipse-java-2022-12-R-win32-x86_64\eclipse-java-2022-12-R-win32-x86_64\eclipse\plugins\org.eclipse.justj.openjdk.hotspot.jre.full.win32.x86_64_17.0.5.v20221102-0933\jre\bin\sunmscapi.dll
0x00007ff844020000 - 0x00007ff844186000 	C:\WINDOWS\System32\CRYPT32.dll
0x00007ff843230000 - 0x00007ff84325d000 	C:\WINDOWS\SYSTEM32\ncrypt.dll
0x00007ff8431f0000 - 0x00007ff843227000 	C:\WINDOWS\SYSTEM32\NTASN1.dll
0x00007ff81e820000 - 0x00007ff81e830000 	D:\Selenium\eclipse-java-2022-12-R-win32-x86_64\eclipse-java-2022-12-R-win32-x86_64\eclipse\plugins\org.eclipse.justj.openjdk.hotspot.jre.full.win32.x86_64_17.0.5.v20221102-0933\jre\bin\verify.dll
0x00007ff8205a0000 - 0x00007ff8205a9000 	D:\Selenium\eclipse-java-2022-12-R-win32-x86_64\eclipse-java-2022-12-R-win32-x86_64\eclipse\plugins\org.eclipse.justj.openjdk.hotspot.jre.full.win32.x86_64_17.0.5.v20221102-0933\jre\bin\management.dll
0x00007ff81ed10000 - 0x00007ff81ed1b000 	D:\Selenium\eclipse-java-2022-12-R-win32-x86_64\eclipse-java-2022-12-R-win32-x86_64\eclipse\plugins\org.eclipse.justj.openjdk.hotspot.jre.full.win32.x86_64_17.0.5.v20221102-0933\jre\bin\management_ext.dll
0x00007ff8460b0000 - 0x00007ff8460b8000 	C:\WINDOWS\System32\PSAPI.DLL
0x00007ff819fc0000 - 0x00007ff819fc8000 	C:\WINDOWS\system32\wshunix.dll

dbghelp: loaded successfully - version: 4.0.5 - missing functions: none
symbol engine: initialized successfully - sym options: 0x614 - pdb path: .;D:\Selenium\eclipse-java-2022-12-R-win32-x86_64\eclipse-java-2022-12-R-win32-x86_64\eclipse\plugins\org.eclipse.justj.openjdk.hotspot.jre.full.win32.x86_64_17.0.5.v20221102-0933\jre\bin;C:\WINDOWS\SYSTEM32;C:\WINDOWS\WinSxS\amd64_microsoft.windows.common-controls_6595b64144ccf1df_6.0.22621.2361_none_2712ced57382f843;D:\Selenium\eclipse-java-2022-12-R-win32-x86_64\eclipse-java-2022-12-R-win32-x86_64\eclipse\plugins\org.eclipse.justj.openjdk.hotspot.jre.full.win32.x86_64_17.0.5.v20221102-0933\jre\bin\server

VM Arguments:
jvm_args: -ea -Dfile.encoding=UTF-8 -XX:+ShowCodeDetailsInExceptionMessages 
java_command: org.testng.remote.RemoteTestNG -serport 62290 -protocol json -d D:\Selenium\eclipse-java-2022-12-R-win32-x86_64\eclipse-java-2022-12-R-win32-x86_64\eclipse\projects-workspace\MavenProject\test-output C:\Users\hp\AppData\Local\Temp\testng-eclipse--1666572134\testng-customsuite.xml
java_class_path (initial): D:\Selenium\eclipse-java-2022-12-R-win32-x86_64\eclipse-java-2022-12-R-win32-x86_64\eclipse\configuration\org.eclipse.osgi\452\0\.cp\lib\testng-remote.jar;D:\Selenium\eclipse-java-2022-12-R-win32-x86_64\eclipse-java-2022-12-R-win32-x86_64\eclipse\projects-workspace\MavenProject\target\test-classes;D:\Selenium\eclipse-java-2022-12-R-win32-x86_64\eclipse-java-2022-12-R-win32-x86_64\eclipse\projects-workspace\MavenProject\target\classes;C:\Users\hp\.m2\repository\org\seleniumhq\selenium\selenium-java\4.10.0\selenium-java-4.10.0.jar;C:\Users\hp\.m2\repository\org\seleniumhq\selenium\selenium-api\4.10.0\selenium-api-4.10.0.jar;C:\Users\hp\.m2\repository\org\seleniumhq\selenium\selenium-chrome-driver\4.10.0\selenium-chrome-driver-4.10.0.jar;C:\Users\hp\.m2\repository\com\google\auto\service\auto-service-annotations\1.0.1\auto-service-annotations-1.0.1.jar;C:\Users\hp\.m2\repository\com\google\auto\service\auto-service\1.0.1\auto-service-1.0.1.jar;C:\Users\hp\.m2\repository\com\google\auto\auto-common\1.2\auto-common-1.2.jar;C:\Users\hp\.m2\repository\com\google\guava\guava\31.1-jre\guava-31.1-jre.jar;C:\Users\hp\.m2\repository\com\google\guava\failureaccess\1.0.1\failureaccess-1.0.1.jar;C:\Users\hp\.m2\repository\com\google\guava\listenablefuture\9999.0-empty-to-avoid-conflict-with-guava\listenablefuture-9999.0-empty-to-avoid-conflict-with-guava.jar;C:\Users\hp\.m2\repository\com\google\code\findbugs\jsr305\3.0.2\jsr305-3.0.2.jar;C:\Users\hp\.m2\repository\org\checkerframework\checker-qual\3.12.0\checker-qual-3.12.0.jar;C:\Users\hp\.m2\repository\com\google\errorprone\error_prone_annotations\2.11.0\error_prone_annotations-2.11.0.jar;C:\Users\hp\.m2\repository\com\google\j2objc\j2objc-annotations\1.3\j2objc-annotations-1.3.jar;C:\Users\hp\.m2\repository\org\seleniumhq\selenium\selenium-chromium-driver\4.10.0\selenium-chromium-driver-4.10.0.jar;C:\Users\hp\.m2\repository\org\seleniumhq\selenium\selenium-json\4.10.0\selenium-json-4.10.0.jar;C:\Us
Launcher Type: SUN_STANDARD

[Global flags]
     intx CICompilerCount                          = 3                                         {product} {ergonomic}
     uint ConcGCThreads                            = 1                                         {product} {ergonomic}
     uint G1ConcRefinementThreads                  = 4                                         {product} {ergonomic}
   size_t G1HeapRegionSize                         = 1048576                                   {product} {ergonomic}
    uintx GCDrainStackTargetSize                   = 64                                        {product} {ergonomic}
   size_t InitialHeapSize                          = 65011712                                  {product} {ergonomic}
   size_t MarkStackSize                            = 4194304                                   {product} {ergonomic}
   size_t MaxHeapSize                              = 1017118720                                {product} {ergonomic}
   size_t MaxNewSize                               = 610271232                                 {product} {ergonomic}
   size_t MinHeapDeltaBytes                        = 1048576                                   {product} {ergonomic}
   size_t MinHeapSize                              = 8388608                                   {product} {ergonomic}
    uintx NonNMethodCodeHeapSize                   = 5832780                                {pd product} {ergonomic}
    uintx NonProfiledCodeHeapSize                  = 122912730                              {pd product} {ergonomic}
    uintx ProfiledCodeHeapSize                     = 122912730                              {pd product} {ergonomic}
    uintx ReservedCodeCacheSize                    = 251658240                              {pd product} {ergonomic}
     bool SegmentedCodeCache                       = true                                      {product} {ergonomic}
     bool ShowCodeDetailsInExceptionMessages       = true                                   {manageable} {command line}
   size_t SoftMaxHeapSize                          = 1017118720                             {manageable} {ergonomic}
     bool UseCompressedClassPointers               = true                           {product lp64_product} {ergonomic}
     bool UseCompressedOops                        = true                           {product lp64_product} {ergonomic}
     bool UseG1GC                                  = true                                      {product} {ergonomic}
     bool UseLargePagesIndividualAllocation        = false                                  {pd product} {ergonomic}

Logging:
Log output configuration:
 #0: stdout all=warning uptime,level,tags
 #1: stderr all=off uptime,level,tags

Environment Variables:
JAVA_HOME=C:\Program Files\Java\jdk-11.0.17
PATH=D:/Selenium/eclipse-java-2022-12-R-win32-x86_64/eclipse-java-2022-12-R-win32-x86_64/eclipse//plugins/org.eclipse.justj.openjdk.hotspot.jre.full.win32.x86_64_17.0.5.v20221102-0933/jre/bin/server;D:/Selenium/eclipse-java-2022-12-R-win32-x86_64/eclipse-java-2022-12-R-win32-x86_64/eclipse//plugins/org.eclipse.justj.openjdk.hotspot.jre.full.win32.x86_64_17.0.5.v20221102-0933/jre/bin;C:\Program Files\Java\jdk-11.0.17\bin;C:\Program Files\Common Files\Oracle\Java\javapath;D:\app\hp\product\11.2.0\dbhome_1\bin;C:\WINDOWS\system32;C:\WINDOWS;C:\WINDOWS\System32\Wbem;C:\WINDOWS\System32\WindowsPowerShell\v1.0\;C:\WINDOWS\System32\OpenSSH\;D:\Selenium\apache-maven-3.6.3-bin\apache-maven-3.6.3\bin;C:\strawberry\c\bin;C:\strawberry\perl\bin;C:\Program Files\Microsoft SQL Server\Client SDK\ODBC\170\Tools\Binn\;C:\Program Files (x86)\Microsoft SQL Server\150\Tools\Binn\;C:\Program Files\Microsoft SQL Server\150\Tools\Binn\;C:\Program Files\Microsoft SQL Server\150\DTS\Binn\;C:\Program Files\Azure Data Studio\bin;C:\ProgramData\chocolatey\bin;C:\Users\hp\AppData\Roaming\npm;C:\Program Files\Git\cmd;C:\Program Files (x86)\Microsoft SQL Server\160\DTS\Binn\;C:\Program Files\Java\jdk1.8.0_261\bin;C:\Program Files\nodejs\;C:\Users\hp\AppData\Local\Microsoft\WindowsApps;;C:\Program Files\Azure Data Studio\bin;C:\Users\hp\AppData\Roaming\npm;C:\Users\hp\AppData\Local\Programs\Microsoft VS Code\bin;D:\Selenium\eclipse-java-2022-12-R-win32-x86_64\eclipse-java-2022-12-R-win32-x86_64\eclipse;
USERNAME=hp
TERM=dumb
OS=Windows_NT
PROCESSOR_IDENTIFIER=Intel64 Family 6 Model 126 Stepping 5, GenuineIntel
TMP=C:\Users\hp\AppData\Local\Temp
TEMP=C:\Users\hp\AppData\Local\Temp



---------------  S Y S T E M  ---------------

OS:
 Windows 11 , 64 bit Build 22621 (10.0.22621.2428)
OS uptime: 3 days 22:18 hours

CPU: total 4 (initial active 4) (2 cores per cpu, 2 threads per core) family 6 model 126 stepping 5 microcode 0xa6, cx8, cmov, fxsr, ht, mmx, 3dnowpref, sse, sse2, sse3, ssse3, sse4.1, sse4.2, popcnt, lzcnt, tsc, tscinvbit, avx, avx2, aes, erms, clmul, bmi1, bmi2, adx, avx512f, avx512dq, avx512cd, avx512bw, avx512vl, sha, fma, vzeroupper, avx512_vpopcntdq, avx512_vpclmulqdq, avx512_vaes, avx512_vnni, clflush, clflushopt, avx512_vbmi2, avx512_vbmi

Memory: 4k page, system-wide physical 3877M (68M free)
TotalPageFile size 15653M (AvailPageFile size 1M)
current process WorkingSet (physical memory assigned to process): 154M, peak: 154M
current process commit charge ("private bytes"): 181M, peak: 185M

vm_info: OpenJDK 64-Bit Server VM (17.0.5+8) for windows-amd64 JRE (17.0.5+8), built on Oct 19 2022 04:48:13 by "temurin" with MS VC++ 16.7 (VS2019)

END.
