#
# There is insufficient memory for the Java Runtime Environment to continue.
# Native memory allocation (malloc) failed to allocate 1026256 bytes for Chunk::new
# Possible reasons:
#   The system is out of physical RAM or swap space
#   The process is running with CompressedOops enabled, and the Java Heap may be blocking the growth of the native heap
# Possible solutions:
#   Reduce memory load on the system
#   Increase physical memory or swap space
#   Check if swap backing store is full
#   Decrease Java heap size (-Xmx/-Xms)
#   Decrease number of Java threads
#   Decrease Java thread stack sizes (-Xss)
#   Set larger code cache with -XX:ReservedCodeCacheSize=
#   JVM is running with Unscaled Compressed Oops mode in which the Java heap is
#     placed in the first 4GB address space. The Java Heap base address is the
#     maximum limit for the native heap growth. Please use -XX:HeapBaseMinAddress
#     to set the Java Heap base and to place the Java Heap above 4GB virtual address.
# This output file may be truncated or incomplete.
#
#  Out of Memory Error (arena.cpp:189), pid=2412, tid=4064
#
# JRE version: OpenJDK Runtime Environment Temurin-17.0.5+8 (17.0.5+8) (build 17.0.5+8)
# Java VM: OpenJDK 64-Bit Server VM Temurin-17.0.5+8 (17.0.5+8, mixed mode, tiered, compressed oops, compressed class ptrs, g1 gc, windows-amd64)
# No core dump will be written. Minidumps are not enabled by default on client versions of Windows
#

---------------  S U M M A R Y ------------

Command Line: -ea -Dfile.encoding=UTF-8 -XX:+ShowCodeDetailsInExceptionMessages org.testng.remote.RemoteTestNG -serport 62480 -protocol json -d D:\Selenium\eclipse-java-2022-12-R-win32-x86_64\eclipse-java-2022-12-R-win32-x86_64\eclipse\projects-workspace\MavenProject\test-output C:\Users\hp\AppData\Local\Temp\testng-eclipse--1126229268\testng-customsuite.xml

Host: Intel(R) Core(TM) i3-1005G1 CPU @ 1.20GHz, 4 cores, 3G,  Windows 11 , 64 bit Build 22621 (10.0.22621.2428)
Time: Mon Oct 23 16:46:33 2023 India Standard Time elapsed time: 1.913593 seconds (0d 0h 0m 1s)

---------------  T H R E A D  ---------------

Current thread (0x000002066fd164c0):  JavaThread "C2 CompilerThread0" daemon [_thread_in_native, id=4064, stack(0x000000c4d0c00000,0x000000c4d0d00000)]


Current CompileTask:
C2:   1913 1237       4       jdk.internal.org.objectweb.asm.Frame::execute (2305 bytes)

Stack: [0x000000c4d0c00000,0x000000c4d0d00000]
Native frames: (J=compiled Java code, j=interpreted, Vv=VM code, C=native code)
V  [jvm.dll+0x676b3a]
V  [jvm.dll+0x831444]
V  [jvm.dll+0x832bee]
V  [jvm.dll+0x833253]
V  [jvm.dll+0x244ce5]
V  [jvm.dll+0xabbac]
V  [jvm.dll+0xac17c]
V  [jvm.dll+0x2abd2f]
V  [jvm.dll+0x57d517]
V  [jvm.dll+0x21fd72]
V  [jvm.dll+0x22014f]
V  [jvm.dll+0x2199a5]
V  [jvm.dll+0x216e6b]
V  [jvm.dll+0x1a343d]
V  [jvm.dll+0x22698a]
V  [jvm.dll+0x224ac5]
V  [jvm.dll+0x7e727b]
V  [jvm.dll+0x7e17ea]
V  [jvm.dll+0x6759e5]
C  [ucrtbase.dll+0x29363]
C  [KERNEL32.DLL+0x1257d]
C  [ntdll.dll+0x5aa78]


---------------  P R O C E S S  ---------------

Threads class SMR info:
_java_thread_list=0x0000020670964000, length=16, elements={
0x00000206583ee5c0, 0x000002066f37f8e0, 0x000002066f380490, 0x000002066fd08190,
0x000002066fd0cb50, 0x000002066fd0f510, 0x000002066fd0fec0, 0x000002066fd164c0,
0x000002066f3cbbf0, 0x000002066f3e44c0, 0x000002066fe4be80, 0x000002066fe71a20,
0x00000206704e0020, 0x00000206709e9310, 0x00000206709e8e40, 0x00000206709e9cb0
}

Java Threads: ( => current thread )
  0x00000206583ee5c0 JavaThread "main" [_thread_in_vm, id=9592, stack(0x000000c4cff00000,0x000000c4d0000000)]
  0x000002066f37f8e0 JavaThread "Reference Handler" daemon [_thread_blocked, id=13024, stack(0x000000c4d0600000,0x000000c4d0700000)]
  0x000002066f380490 JavaThread "Finalizer" daemon [_thread_blocked, id=10132, stack(0x000000c4d0700000,0x000000c4d0800000)]
  0x000002066fd08190 JavaThread "Signal Dispatcher" daemon [_thread_blocked, id=18420, stack(0x000000c4d0800000,0x000000c4d0900000)]
  0x000002066fd0cb50 JavaThread "Attach Listener" daemon [_thread_blocked, id=19032, stack(0x000000c4d0900000,0x000000c4d0a00000)]
  0x000002066fd0f510 JavaThread "Service Thread" daemon [_thread_blocked, id=10280, stack(0x000000c4d0a00000,0x000000c4d0b00000)]
  0x000002066fd0fec0 JavaThread "Monitor Deflation Thread" daemon [_thread_blocked, id=9788, stack(0x000000c4d0b00000,0x000000c4d0c00000)]
=>0x000002066fd164c0 JavaThread "C2 CompilerThread0" daemon [_thread_in_native, id=4064, stack(0x000000c4d0c00000,0x000000c4d0d00000)]
  0x000002066f3cbbf0 JavaThread "C1 CompilerThread0" daemon [_thread_blocked, id=19720, stack(0x000000c4d0d00000,0x000000c4d0e00000)]
  0x000002066f3e44c0 JavaThread "Sweeper thread" daemon [_thread_blocked, id=17072, stack(0x000000c4d0e00000,0x000000c4d0f00000)]
  0x000002066fe4be80 JavaThread "Notification Thread" daemon [_thread_blocked, id=1388, stack(0x000000c4d0f00000,0x000000c4d1000000)]
  0x000002066fe71a20 JavaThread "Common-Cleaner" daemon [_thread_blocked, id=6040, stack(0x000000c4d1100000,0x000000c4d1200000)]
  0x00000206704e0020 JavaThread "ReaderThread" [_thread_in_native, id=7292, stack(0x000000c4d1600000,0x000000c4d1700000)]
  0x00000206709e9310 JavaThread "ForkJoinPool.commonPool-worker-1" daemon [_thread_blocked, id=9364, stack(0x000000c4d1700000,0x000000c4d1800000)]
  0x00000206709e8e40 JavaThread "ForkJoinPool.commonPool-worker-2" daemon [_thread_blocked, id=12436, stack(0x000000c4d1800000,0x000000c4d1900000)]
  0x00000206709e9cb0 JavaThread "ForkJoinPool.commonPool-worker-3" daemon [_thread_blocked, id=1860, stack(0x000000c4d1900000,0x000000c4d1a00000)]

Other Threads:
  0x000002066f377ef0 VMThread "VM Thread" [stack: 0x000000c4d0500000,0x000000c4d0600000] [id=19804]
  0x000002066fe4cf60 WatcherThread [stack: 0x000000c4d1000000,0x000000c4d1100000] [id=16040]
  0x00000206584297d0 GCTaskThread "GC Thread#0" [stack: 0x000000c4d0000000,0x000000c4d0100000] [id=10928]
  0x00000206704e1d90 GCTaskThread "GC Thread#1" [stack: 0x000000c4d1200000,0x000000c4d1300000] [id=7244]
  0x00000206708742e0 GCTaskThread "GC Thread#2" [stack: 0x000000c4d1300000,0x000000c4d1400000] [id=1348]
  0x00000206705fa7e0 GCTaskThread "GC Thread#3" [stack: 0x000000c4d1400000,0x000000c4d1500000] [id=18508]
  0x00000206584327f0 ConcurrentGCThread "G1 Main Marker" [stack: 0x000000c4d0100000,0x000000c4d0200000] [id=4948]
  0x0000020658433200 ConcurrentGCThread "G1 Conc#0" [stack: 0x000000c4d0200000,0x000000c4d0300000] [id=10108]
  0x0000020658473440 ConcurrentGCThread "G1 Refine#0" [stack: 0x000000c4d0300000,0x000000c4d0400000] [id=10192]
  0x0000020658473e60 ConcurrentGCThread "G1 Service" [stack: 0x000000c4d0400000,0x000000c4d0500000] [id=15516]

Threads with active compile tasks:
C2 CompilerThread0     2098 1237       4       jdk.internal.org.objectweb.asm.Frame::execute (2305 bytes)

VM state: not at safepoint (normal execution)

VM Mutex/Monitor currently owned by a thread:  ([mutex/lock_event])
[0x00000206583e9910] Metaspace_lock - owner thread: 0x00000206583ee5c0

Heap address: 0x00000000c3600000, size: 970 MB, Compressed Oops mode: 32-bit

CDS archive(s) not mapped
Compressed class space mapped at: 0x0000000100000000-0x0000000140000000, reserved size: 1073741824
Narrow klass base: 0x0000000000000000, Narrow klass shift: 3, Narrow klass range: 0x140000000

GC Precious Log:
 CPUs: 4 total, 4 available
 Memory: 3877M
 Large Page Support: Disabled
 NUMA Support: Disabled
 Compressed Oops: Enabled (32-bit)
 Heap Region Size: 1M
 Heap Min Capacity: 8M
 Heap Initial Capacity: 62M
 Heap Max Capacity: 970M
 Pre-touch: Disabled
 Parallel Workers: 4
 Concurrent Workers: 1
 Concurrent Refinement Workers: 4
 Periodic GC: Disabled

Heap:
 garbage-first heap   total 63488K, used 14794K [0x00000000c3600000, 0x0000000100000000)
  region size 1024K, 10 young (10240K), 2 survivors (2048K)
 Metaspace       used 15902K, committed 16192K, reserved 1064960K
  class space    used 1614K, committed 1792K, reserved 1048576K

Heap Regions: E=young(eden), S=young(survivor), O=old, HS=humongous(starts), HC=humongous(continues), CS=collection set, F=free, OA=open archive, CA=closed archive, TAMS=top-at-mark-start (previous, next)
|   0|0x00000000c3600000, 0x00000000c3700000, 0x00000000c3700000|100%| O|  |TAMS 0x00000000c3600000, 0x00000000c3600000| Untracked 
|   1|0x00000000c3700000, 0x00000000c3800000, 0x00000000c3800000|100%| O|  |TAMS 0x00000000c3700000, 0x00000000c3700000| Untracked 
|   2|0x00000000c3800000, 0x00000000c3900000, 0x00000000c3900000|100%| O|  |TAMS 0x00000000c3800000, 0x00000000c3800000| Untracked 
|   3|0x00000000c3900000, 0x00000000c3a00000, 0x00000000c3a00000|100%| O|  |TAMS 0x00000000c3900000, 0x00000000c3900000| Untracked 
|   4|0x00000000c3a00000, 0x00000000c3b00000, 0x00000000c3b00000|100%| O|  |TAMS 0x00000000c3a00000, 0x00000000c3a00000| Untracked 
|   5|0x00000000c3b00000, 0x00000000c3c00000, 0x00000000c3c00000|100%| O|  |TAMS 0x00000000c3b00000, 0x00000000c3b00000| Untracked 
|   6|0x00000000c3c00000, 0x00000000c3c61c00, 0x00000000c3d00000| 38%| O|  |TAMS 0x00000000c3c00000, 0x00000000c3c00000| Untracked 
|   7|0x00000000c3d00000, 0x00000000c3d00000, 0x00000000c3e00000|  0%| F|  |TAMS 0x00000000c3d00000, 0x00000000c3d00000| Untracked 
|   8|0x00000000c3e00000, 0x00000000c3e00000, 0x00000000c3f00000|  0%| F|  |TAMS 0x00000000c3e00000, 0x00000000c3e00000| Untracked 
|   9|0x00000000c3f00000, 0x00000000c3f00000, 0x00000000c4000000|  0%| F|  |TAMS 0x00000000c3f00000, 0x00000000c3f00000| Untracked 
|  10|0x00000000c4000000, 0x00000000c4000000, 0x00000000c4100000|  0%| F|  |TAMS 0x00000000c4000000, 0x00000000c4000000| Untracked 
|  11|0x00000000c4100000, 0x00000000c4100000, 0x00000000c4200000|  0%| F|  |TAMS 0x00000000c4100000, 0x00000000c4100000| Untracked 
|  12|0x00000000c4200000, 0x00000000c4200000, 0x00000000c4300000|  0%| F|  |TAMS 0x00000000c4200000, 0x00000000c4200000| Untracked 
|  13|0x00000000c4300000, 0x00000000c4300000, 0x00000000c4400000|  0%| F|  |TAMS 0x00000000c4300000, 0x00000000c4300000| Untracked 
|  14|0x00000000c4400000, 0x00000000c4400000, 0x00000000c4500000|  0%| F|  |TAMS 0x00000000c4400000, 0x00000000c4400000| Untracked 
|  15|0x00000000c4500000, 0x00000000c4500000, 0x00000000c4600000|  0%| F|  |TAMS 0x00000000c4500000, 0x00000000c4500000| Untracked 
|  16|0x00000000c4600000, 0x00000000c4600000, 0x00000000c4700000|  0%| F|  |TAMS 0x00000000c4600000, 0x00000000c4600000| Untracked 
|  17|0x00000000c4700000, 0x00000000c4700000, 0x00000000c4800000|  0%| F|  |TAMS 0x00000000c4700000, 0x00000000c4700000| Untracked 
|  18|0x00000000c4800000, 0x00000000c4800000, 0x00000000c4900000|  0%| F|  |TAMS 0x00000000c4800000, 0x00000000c4800000| Untracked 
|  19|0x00000000c4900000, 0x00000000c4900000, 0x00000000c4a00000|  0%| F|  |TAMS 0x00000000c4900000, 0x00000000c4900000| Untracked 
|  20|0x00000000c4a00000, 0x00000000c4a00000, 0x00000000c4b00000|  0%| F|  |TAMS 0x00000000c4a00000, 0x00000000c4a00000| Untracked 
|  21|0x00000000c4b00000, 0x00000000c4b00000, 0x00000000c4c00000|  0%| F|  |TAMS 0x00000000c4b00000, 0x00000000c4b00000| Untracked 
|  22|0x00000000c4c00000, 0x00000000c4c00000, 0x00000000c4d00000|  0%| F|  |TAMS 0x00000000c4c00000, 0x00000000c4c00000| Untracked 
|  23|0x00000000c4d00000, 0x00000000c4d00000, 0x00000000c4e00000|  0%| F|  |TAMS 0x00000000c4d00000, 0x00000000c4d00000| Untracked 
|  24|0x00000000c4e00000, 0x00000000c4e00000, 0x00000000c4f00000|  0%| F|  |TAMS 0x00000000c4e00000, 0x00000000c4e00000| Untracked 
|  25|0x00000000c4f00000, 0x00000000c4f00000, 0x00000000c5000000|  0%| F|  |TAMS 0x00000000c4f00000, 0x00000000c4f00000| Untracked 
|  26|0x00000000c5000000, 0x00000000c5000000, 0x00000000c5100000|  0%| F|  |TAMS 0x00000000c5000000, 0x00000000c5000000| Untracked 
|  27|0x00000000c5100000, 0x00000000c5100000, 0x00000000c5200000|  0%| F|  |TAMS 0x00000000c5100000, 0x00000000c5100000| Untracked 
|  28|0x00000000c5200000, 0x00000000c5200000, 0x00000000c5300000|  0%| F|  |TAMS 0x00000000c5200000, 0x00000000c5200000| Untracked 
|  29|0x00000000c5300000, 0x00000000c5300000, 0x00000000c5400000|  0%| F|  |TAMS 0x00000000c5300000, 0x00000000c5300000| Untracked 
|  30|0x00000000c5400000, 0x00000000c5400000, 0x00000000c5500000|  0%| F|  |TAMS 0x00000000c5400000, 0x00000000c5400000| Untracked 
|  31|0x00000000c5500000, 0x00000000c5500000, 0x00000000c5600000|  0%| F|  |TAMS 0x00000000c5500000, 0x00000000c5500000| Untracked 
|  32|0x00000000c5600000, 0x00000000c5600000, 0x00000000c5700000|  0%| F|  |TAMS 0x00000000c5600000, 0x00000000c5600000| Untracked 
|  33|0x00000000c5700000, 0x00000000c5700000, 0x00000000c5800000|  0%| F|  |TAMS 0x00000000c5700000, 0x00000000c5700000| Untracked 
|  34|0x00000000c5800000, 0x00000000c5800000, 0x00000000c5900000|  0%| F|  |TAMS 0x00000000c5800000, 0x00000000c5800000| Untracked 
|  35|0x00000000c5900000, 0x00000000c5900000, 0x00000000c5a00000|  0%| F|  |TAMS 0x00000000c5900000, 0x00000000c5900000| Untracked 
|  36|0x00000000c5a00000, 0x00000000c5a00000, 0x00000000c5b00000|  0%| F|  |TAMS 0x00000000c5a00000, 0x00000000c5a00000| Untracked 
|  37|0x00000000c5b00000, 0x00000000c5b00000, 0x00000000c5c00000|  0%| F|  |TAMS 0x00000000c5b00000, 0x00000000c5b00000| Untracked 
|  38|0x00000000c5c00000, 0x00000000c5c00000, 0x00000000c5d00000|  0%| F|  |TAMS 0x00000000c5c00000, 0x00000000c5c00000| Untracked 
|  39|0x00000000c5d00000, 0x00000000c5d00000, 0x00000000c5e00000|  0%| F|  |TAMS 0x00000000c5d00000, 0x00000000c5d00000| Untracked 
|  40|0x00000000c5e00000, 0x00000000c5e00000, 0x00000000c5f00000|  0%| F|  |TAMS 0x00000000c5e00000, 0x00000000c5e00000| Untracked 
|  41|0x00000000c5f00000, 0x00000000c5f00000, 0x00000000c6000000|  0%| F|  |TAMS 0x00000000c5f00000, 0x00000000c5f00000| Untracked 
|  42|0x00000000c6000000, 0x00000000c6000000, 0x00000000c6100000|  0%| F|  |TAMS 0x00000000c6000000, 0x00000000c6000000| Untracked 
|  43|0x00000000c6100000, 0x00000000c6100000, 0x00000000c6200000|  0%| F|  |TAMS 0x00000000c6100000, 0x00000000c6100000| Untracked 
|  44|0x00000000c6200000, 0x00000000c6200000, 0x00000000c6300000|  0%| F|  |TAMS 0x00000000c6200000, 0x00000000c6200000| Untracked 
|  45|0x00000000c6300000, 0x00000000c6300000, 0x00000000c6400000|  0%| F|  |TAMS 0x00000000c6300000, 0x00000000c6300000| Untracked 
|  46|0x00000000c6400000, 0x00000000c6400000, 0x00000000c6500000|  0%| F|  |TAMS 0x00000000c6400000, 0x00000000c6400000| Untracked 
|  47|0x00000000c6500000, 0x00000000c6500000, 0x00000000c6600000|  0%| F|  |TAMS 0x00000000c6500000, 0x00000000c6500000| Untracked 
|  48|0x00000000c6600000, 0x00000000c6600000, 0x00000000c6700000|  0%| F|  |TAMS 0x00000000c6600000, 0x00000000c6600000| Untracked 
|  49|0x00000000c6700000, 0x00000000c6700000, 0x00000000c6800000|  0%| F|  |TAMS 0x00000000c6700000, 0x00000000c6700000| Untracked 
|  50|0x00000000c6800000, 0x00000000c6810e00, 0x00000000c6900000|  6%| S|CS|TAMS 0x00000000c6800000, 0x00000000c6800000| Complete 
|  51|0x00000000c6900000, 0x00000000c6a00000, 0x00000000c6a00000|100%| S|CS|TAMS 0x00000000c6900000, 0x00000000c6900000| Complete 
|  52|0x00000000c6a00000, 0x00000000c6a00000, 0x00000000c6b00000|  0%| F|  |TAMS 0x00000000c6a00000, 0x00000000c6a00000| Untracked 
|  53|0x00000000c6b00000, 0x00000000c6b00000, 0x00000000c6c00000|  0%| F|  |TAMS 0x00000000c6b00000, 0x00000000c6b00000| Untracked 
|  54|0x00000000c6c00000, 0x00000000c6d00000, 0x00000000c6d00000|100%| E|  |TAMS 0x00000000c6c00000, 0x00000000c6c00000| Complete 
|  55|0x00000000c6d00000, 0x00000000c6e00000, 0x00000000c6e00000|100%| E|CS|TAMS 0x00000000c6d00000, 0x00000000c6d00000| Complete 
|  56|0x00000000c6e00000, 0x00000000c6f00000, 0x00000000c6f00000|100%| E|CS|TAMS 0x00000000c6e00000, 0x00000000c6e00000| Complete 
|  57|0x00000000c6f00000, 0x00000000c7000000, 0x00000000c7000000|100%| E|CS|TAMS 0x00000000c6f00000, 0x00000000c6f00000| Complete 
|  58|0x00000000c7000000, 0x00000000c7100000, 0x00000000c7100000|100%| E|CS|TAMS 0x00000000c7000000, 0x00000000c7000000| Complete 
|  59|0x00000000c7100000, 0x00000000c7200000, 0x00000000c7200000|100%| E|CS|TAMS 0x00000000c7100000, 0x00000000c7100000| Complete 
|  60|0x00000000c7200000, 0x00000000c7300000, 0x00000000c7300000|100%| E|CS|TAMS 0x00000000c7200000, 0x00000000c7200000| Complete 
|  61|0x00000000c7300000, 0x00000000c7400000, 0x00000000c7400000|100%| E|CS|TAMS 0x00000000c7300000, 0x00000000c7300000| Complete 

Card table byte_map: [0x000002066ac80000,0x000002066ae70000] _byte_map_base: 0x000002066a665000

Marking Bits (Prev, Next): (CMBitMap*) 0x0000020658429de0, (CMBitMap*) 0x0000020658429e20
 Prev Bits: [0x000002066b060000, 0x000002066bf88000)
 Next Bits: [0x000002066bf90000, 0x000002066ceb8000)

Polling page: 0x0000020656330000

Metaspace:

Usage:
  Non-class:     13.95 MB used.
      Class:      1.58 MB used.
       Both:     15.53 MB used.

Virtual space:
  Non-class space:       16.00 MB reserved,      14.06 MB ( 88%) committed,  2 nodes.
      Class space:        1.00 GB reserved,       1.75 MB ( <1%) committed,  1 nodes.
             Both:        1.02 GB reserved,      15.81 MB (  2%) committed. 

Chunk freelists:
   Non-Class:  1.80 MB
       Class:  2.11 MB
        Both:  3.91 MB

MaxMetaspaceSize: unlimited
CompressedClassSpaceSize: 1.00 GB
Initial GC threshold: 21.00 MB
Current GC threshold: 21.00 MB
CDS: off
MetaspaceReclaimPolicy: balanced
 - commit_granule_bytes: 65536.
 - commit_granule_words: 8192.
 - virtual_space_node_default_size: 1048576.
 - enlarge_chunks_in_place: 1.
 - new_chunks_are_fully_committed: 0.
 - uncommit_free_chunks: 1.
 - use_allocation_guard: 0.
 - handle_deallocations: 1.


Internal statistics:

num_allocs_failed_limit: 0.
num_arena_births: 238.
num_arena_deaths: 0.
num_vsnodes_births: 3.
num_vsnodes_deaths: 0.
num_space_committed: 253.
num_space_uncommitted: 0.
num_chunks_returned_to_freelist: 0.
num_chunks_taken_from_freelist: 477.
num_chunk_merges: 0.
num_chunk_splits: 285.
num_chunks_enlarged: 180.
num_purges: 0.
num_inconsistent_stats: 0.

CodeHeap 'non-profiled nmethods': size=120000Kb used=497Kb max_used=497Kb free=119502Kb
 bounds [0x0000020663560000, 0x00000206637d0000, 0x000002066aa90000]
CodeHeap 'profiled nmethods': size=120000Kb used=2652Kb max_used=2652Kb free=117348Kb
 bounds [0x000002065c030000, 0x000002065c2d0000, 0x0000020663560000]
CodeHeap 'non-nmethods': size=5760Kb used=1184Kb max_used=1189Kb free=4575Kb
 bounds [0x000002065ba90000, 0x000002065bd00000, 0x000002065c030000]
 total_blobs=1878 nmethods=1410 adapters=381
 compilation: enabled
              stopped_count=0, restarted_count=0
 full_count=0

Compilation events (20 events):
Event: 1.879 Thread 0x000002066f3cbbf0 1357       3       java.lang.invoke.InvokerBytecodeGenerator::assertStaticType (58 bytes)
Event: 1.879 Thread 0x000002066f3cbbf0 nmethod 1357 0x000002065c2a8190 code [0x000002065c2a8380, 0x000002065c2a8878]
Event: 1.887 Thread 0x000002066f3cbbf0 1359       3       java.util.Arrays::copyOfRange (90 bytes)
Event: 1.888 Thread 0x000002066f3cbbf0 nmethod 1359 0x000002065c2a8a90 code [0x000002065c2a8d40, 0x000002065c2a9a18]
Event: 1.889 Thread 0x000002066f3cbbf0 1360       3       jdk.internal.misc.Unsafe::getIntUnaligned (12 bytes)
Event: 1.889 Thread 0x000002066f3cbbf0 nmethod 1360 0x000002065c2a9e90 code [0x000002065c2aa040, 0x000002065c2aa298]
Event: 1.890 Thread 0x000002066f3cbbf0 1361       1       java.lang.reflect.Constructor::getConstructorAccessor (5 bytes)
Event: 1.891 Thread 0x000002066f3cbbf0 nmethod 1361 0x00000206635db390 code [0x00000206635db520, 0x00000206635db5f8]
Event: 1.891 Thread 0x000002066f3cbbf0 1363       3       java.lang.reflect.Constructor::setConstructorAccessor (21 bytes)
Event: 1.891 Thread 0x000002066f3cbbf0 nmethod 1363 0x000002065c2aa390 code [0x000002065c2aa540, 0x000002065c2aa828]
Event: 1.891 Thread 0x000002066f3cbbf0 1362       1       jdk.internal.reflect.DelegatingConstructorAccessorImpl::setDelegate (6 bytes)
Event: 1.891 Thread 0x000002066f3cbbf0 nmethod 1362 0x00000206635db690 code [0x00000206635db820, 0x00000206635db938]
Event: 1.896 Thread 0x000002066f3cbbf0 1364       3       java.lang.invoke.MethodHandleNatives::isCallerSensitive (29 bytes)
Event: 1.897 Thread 0x000002066f3cbbf0 nmethod 1364 0x000002065c2aa910 code [0x000002065c2aab00, 0x000002065c2ab088]
Event: 1.897 Thread 0x000002066f3cbbf0 1365       3       java.lang.invoke.MethodHandleNatives::canBeCalledVirtual (50 bytes)
Event: 1.898 Thread 0x000002066f3cbbf0 nmethod 1365 0x000002065c2ab290 code [0x000002065c2ab480, 0x000002065c2ab948]
Event: 1.899 Thread 0x000002066f3cbbf0 1366       3       jdk.internal.reflect.ConstructorAccessorImpl::<init> (5 bytes)
Event: 1.899 Thread 0x000002066f3cbbf0 nmethod 1366 0x000002065c2abb10 code [0x000002065c2abcc0, 0x000002065c2abe78]
Event: 1.900 Thread 0x000002066f3cbbf0 1367       1       jdk.internal.reflect.NativeConstructorAccessorImpl::setParent (6 bytes)
Event: 1.900 Thread 0x000002066f3cbbf0 nmethod 1367 0x00000206635db990 code [0x00000206635dbb20, 0x00000206635dbc38]

GC Heap History (4 events):
Event: 0.862 GC heap before
{Heap before GC invocations=0 (full 0):
 garbage-first heap   total 63488K, used 12288K [0x00000000c3600000, 0x0000000100000000)
  region size 1024K, 13 young (13312K), 0 survivors (0K)
 Metaspace       used 7991K, committed 8128K, reserved 1056768K
  class space    used 689K, committed 768K, reserved 1048576K
}
Event: 0.888 GC heap after
{Heap after GC invocations=1 (full 0):
 garbage-first heap   total 63488K, used 6612K [0x00000000c3600000, 0x0000000100000000)
  region size 1024K, 2 young (2048K), 2 survivors (2048K)
 Metaspace       used 7991K, committed 8128K, reserved 1056768K
  class space    used 689K, committed 768K, reserved 1048576K
}
Event: 1.676 GC heap before
{Heap before GC invocations=1 (full 0):
 garbage-first heap   total 63488K, used 16852K [0x00000000c3600000, 0x0000000100000000)
  region size 1024K, 12 young (12288K), 2 survivors (2048K)
 Metaspace       used 13725K, committed 13952K, reserved 1064960K
  class space    used 1344K, committed 1472K, reserved 1048576K
}
Event: 1.679 GC heap after
{Heap after GC invocations=2 (full 0):
 garbage-first heap   total 63488K, used 7626K [0x00000000c3600000, 0x0000000100000000)
  region size 1024K, 2 young (2048K), 2 survivors (2048K)
 Metaspace       used 13725K, committed 13952K, reserved 1064960K
  class space    used 1344K, committed 1472K, reserved 1048576K
}

Dll operation events (5 events):
Event: 0.011 Loaded shared library D:\Selenium\eclipse-java-2022-12-R-win32-x86_64\eclipse-java-2022-12-R-win32-x86_64\eclipse\plugins\org.eclipse.justj.openjdk.hotspot.jre.full.win32.x86_64_17.0.5.v20221102-0933\jre\bin\java.dll
Event: 0.179 Loaded shared library D:\Selenium\eclipse-java-2022-12-R-win32-x86_64\eclipse-java-2022-12-R-win32-x86_64\eclipse\plugins\org.eclipse.justj.openjdk.hotspot.jre.full.win32.x86_64_17.0.5.v20221102-0933\jre\bin\net.dll
Event: 0.181 Loaded shared library D:\Selenium\eclipse-java-2022-12-R-win32-x86_64\eclipse-java-2022-12-R-win32-x86_64\eclipse\plugins\org.eclipse.justj.openjdk.hotspot.jre.full.win32.x86_64_17.0.5.v20221102-0933\jre\bin\nio.dll
Event: 0.194 Loaded shared library D:\Selenium\eclipse-java-2022-12-R-win32-x86_64\eclipse-java-2022-12-R-win32-x86_64\eclipse\plugins\org.eclipse.justj.openjdk.hotspot.jre.full.win32.x86_64_17.0.5.v20221102-0933\jre\bin\zip.dll
Event: 0.714 Loaded shared library D:\Selenium\eclipse-java-2022-12-R-win32-x86_64\eclipse-java-2022-12-R-win32-x86_64\eclipse\plugins\org.eclipse.justj.openjdk.hotspot.jre.full.win32.x86_64_17.0.5.v20221102-0933\jre\bin\jimage.dll

Deoptimization events (20 events):
Event: 1.514 Thread 0x00000206583ee5c0 Uncommon trap: trap_request=0xffffffde fr.pc=0x000002066359a7a4 relative=0x00000000000003e4
Event: 1.514 Thread 0x00000206583ee5c0 Uncommon trap: reason=class_check action=maybe_recompile pc=0x000002066359a7a4 method=java.util.HashMap.getNode(Ljava/lang/Object;)Ljava/util/HashMap$Node; @ 128 c2
Event: 1.514 Thread 0x00000206583ee5c0 DEOPT PACKING pc=0x000002066359a7a4 sp=0x000000c4cfffea70
Event: 1.514 Thread 0x00000206583ee5c0 DEOPT UNPACKING pc=0x000002065bae5ba3 sp=0x000000c4cfffe9e8 mode 2
Event: 1.516 Thread 0x00000206583ee5c0 Uncommon trap: trap_request=0xffffffde fr.pc=0x000002066359a7a4 relative=0x00000000000003e4
Event: 1.516 Thread 0x00000206583ee5c0 Uncommon trap: reason=class_check action=maybe_recompile pc=0x000002066359a7a4 method=java.util.HashMap.getNode(Ljava/lang/Object;)Ljava/util/HashMap$Node; @ 128 c2
Event: 1.516 Thread 0x00000206583ee5c0 DEOPT PACKING pc=0x000002066359a7a4 sp=0x000000c4cfffea70
Event: 1.516 Thread 0x00000206583ee5c0 DEOPT UNPACKING pc=0x000002065bae5ba3 sp=0x000000c4cfffe9e8 mode 2
Event: 1.516 Thread 0x00000206583ee5c0 Uncommon trap: trap_request=0xffffffde fr.pc=0x000002066359a7a4 relative=0x00000000000003e4
Event: 1.516 Thread 0x00000206583ee5c0 Uncommon trap: reason=class_check action=maybe_recompile pc=0x000002066359a7a4 method=java.util.HashMap.getNode(Ljava/lang/Object;)Ljava/util/HashMap$Node; @ 128 c2
Event: 1.516 Thread 0x00000206583ee5c0 DEOPT PACKING pc=0x000002066359a7a4 sp=0x000000c4cfffea70
Event: 1.516 Thread 0x00000206583ee5c0 DEOPT UNPACKING pc=0x000002065bae5ba3 sp=0x000000c4cfffe9e8 mode 2
Event: 1.639 Thread 0x00000206583ee5c0 Uncommon trap: trap_request=0xffffff45 fr.pc=0x000002066359a650 relative=0x0000000000000290
Event: 1.639 Thread 0x00000206583ee5c0 Uncommon trap: reason=unstable_if action=reinterpret pc=0x000002066359a650 method=java.util.HashMap.getNode(Ljava/lang/Object;)Ljava/util/HashMap$Node; @ 66 c2
Event: 1.639 Thread 0x00000206583ee5c0 DEOPT PACKING pc=0x000002066359a650 sp=0x000000c4cfffe1c0
Event: 1.639 Thread 0x00000206583ee5c0 DEOPT UNPACKING pc=0x000002065bae5ba3 sp=0x000000c4cfffe140 mode 2
Event: 1.827 Thread 0x00000206709e9310 Uncommon trap: trap_request=0xffffff45 fr.pc=0x00000206635c6450 relative=0x0000000000000230
Event: 1.827 Thread 0x00000206709e9310 Uncommon trap: reason=unstable_if action=reinterpret pc=0x00000206635c6450 method=java.util.concurrent.ConcurrentHashMap.get(Ljava/lang/Object;)Ljava/lang/Object; @ 86 c2
Event: 1.827 Thread 0x00000206709e9310 DEOPT PACKING pc=0x00000206635c6450 sp=0x000000c4d17fe0e0
Event: 1.827 Thread 0x00000206709e9310 DEOPT UNPACKING pc=0x000002065bae5ba3 sp=0x000000c4d17fe048 mode 2

Classes unloaded (0 events):
No events

Classes redefined (0 events):
No events

Internal exceptions (20 events):
Event: 1.572 Thread 0x00000206583ee5c0 Exception <a 'java/lang/NoSuchMethodError'{0x00000000c6c785e8}: 'int java.lang.invoke.DirectMethodHandle$Holder.invokeVirtual(java.lang.Object, java.lang.Object)'> (0x00000000c6c785e8) 
thrown [s\src\hotspot\share\interpreter\linkResolver.cpp, line 759]
Event: 1.600 Thread 0x00000206583ee5c0 Exception <a 'java/lang/NoSuchMethodError'{0x00000000c6b1fb98}: 'java.lang.Object java.lang.invoke.DirectMethodHandle$Holder.invokeSpecial(java.lang.Object, java.lang.Object, java.lang.Object, int, java.lang.Object)'> (0x00000000c6b1fb98) 
thrown [s\src\hotspot\share\interpreter\linkResolver.cpp, line 759]
Event: 1.605 Thread 0x00000206583ee5c0 Exception <a 'java/lang/NoSuchMethodError'{0x00000000c6b406f0}: 'int java.lang.invoke.DirectMethodHandle$Holder.invokeStaticInit(java.lang.Object, java.lang.Object, java.lang.Object)'> (0x00000000c6b406f0) 
thrown [s\src\hotspot\share\interpreter\linkResolver.cpp, line 759]
Event: 1.660 Thread 0x00000206583ee5c0 Exception <a 'java/lang/IncompatibleClassChangeError'{0x00000000c6abf760}: Found class java.lang.Object, but interface was expected> (0x00000000c6abf760) 
thrown [s\src\hotspot\share\interpreter\linkResolver.cpp, line 826]
Event: 1.669 Thread 0x00000206583ee5c0 Exception <a 'java/lang/NoSuchMethodError'{0x00000000c6ad7820}: 'java.lang.Object java.lang.invoke.DirectMethodHandle$Holder.invokeSpecial(java.lang.Object, java.lang.Object, java.lang.Object, java.lang.Object, java.lang.Object, java.lang.Object, java.lang.Object, java.lang.Object, java.lang.Object, java.lang.Object)'> (0x00000000c6ad7820) 
thrown [s\src\hotspot\share\interpreter\linkResolver.cpp, line 759]
Event: 1.670 Thread 0x00000206583ee5c0 Exception <a 'java/lang/NoSuchMethodError'{0x00000000c6ae2750}: 'java.lang.Object java.lang.invoke.DirectMethodHandle$Holder.newInvokeSpecial(java.lang.Object, java.lang.Object, java.lang.Object, java.lang.Object, java.lang.Object, java.lang.Object, java.lang.Object, java.lang.Object, java.lang.Object)'> (0x00000000c6ae2750) 
thrown [s\src\hotspot\share\interpreter\linkResolver.cpp, line 759]
Event: 1.671 Thread 0x00000206583ee5c0 Exception <a 'java/lang/NoSuchMethodError'{0x00000000c6ae7aa0}: 'java.lang.Object java.lang.invoke.Invokers$Holder.linkToTargetMethod(java.lang.Object, java.lang.Object, java.lang.Object, java.lang.Object, java.lang.Object, java.lang.Object, java.lang.Object, java.lang.Object, java.lang.Object)'> (0x00000000c6ae7aa0) 
thrown [s\src\hotspot\share\interpreter\linkResolver.cpp, line 759]
Event: 1.709 Thread 0x00000206583ee5c0 Exception <a 'java/lang/NoSuchMethodError'{0x00000000c7337f20}: 'java.lang.Object java.lang.invoke.DirectMethodHandle$Holder.newInvokeSpecial(java.lang.Object, java.lang.Object, java.lang.Object, java.lang.Object, java.lang.Object, java.lang.Object, java.lang.Object)'> (0x00000000c7337f20) 
thrown [s\src\hotspot\share\interpreter\linkResolver.cpp, line 759]
Event: 1.710 Thread 0x00000206583ee5c0 Exception <a 'java/lang/NoSuchMethodError'{0x00000000c733cb88}: 'java.lang.Object java.lang.invoke.Invokers$Holder.linkToTargetMethod(java.lang.Object, java.lang.Object, java.lang.Object, java.lang.Object, java.lang.Object, java.lang.Object, java.lang.Object)'> (0x00000000c733cb88) 
thrown [s\src\hotspot\share\interpreter\linkResolver.cpp, line 759]
Event: 1.725 Thread 0x00000206583ee5c0 Exception <a 'java/lang/NoSuchMethodError'{0x00000000c73c2148}: 'java.lang.Object java.lang.invoke.DirectMethodHandle$Holder.newInvokeSpecial(java.lang.Object, java.lang.Object, java.lang.Object, java.lang.Object, java.lang.Object)'> (0x00000000c73c2148) 
thrown [s\src\hotspot\share\interpreter\linkResolver.cpp, line 759]
Event: 1.733 Thread 0x00000206583ee5c0 Exception <a 'java/lang/NoSuchMethodError'{0x00000000c73f95d8}: 'int java.lang.invoke.DirectMethodHandle$Holder.invokeSpecial(java.lang.Object, java.lang.Object, java.lang.Object)'> (0x00000000c73f95d8) 
thrown [s\src\hotspot\share\interpreter\linkResolver.cpp, line 759]
Event: 1.750 Thread 0x00000206583ee5c0 Exception <a 'java/lang/IncompatibleClassChangeError'{0x00000000c72790a0}: Found class java.lang.Object, but interface was expected> (0x00000000c72790a0) 
thrown [s\src\hotspot\share\interpreter\linkResolver.cpp, line 826]
Event: 1.769 Thread 0x00000206583ee5c0 Exception <a 'java/lang/NoSuchMethodError'{0x00000000c72f2390}: 'java.lang.Object java.lang.invoke.Invokers$Holder.linkToTargetMethod(java.lang.Object, long, java.lang.Object)'> (0x00000000c72f2390) 
thrown [s\src\hotspot\share\interpreter\linkResolver.cpp, line 759]
Event: 1.794 Thread 0x00000206583ee5c0 Exception <a 'java/lang/NoSuchMethodError'{0x00000000c7178db8}: 'java.lang.Object java.lang.invoke.DirectMethodHandle$Holder.newInvokeSpecial(java.lang.Object, int, java.lang.Object)'> (0x00000000c7178db8) 
thrown [s\src\hotspot\share\interpreter\linkResolver.cpp, line 759]
Event: 1.814 Thread 0x00000206583ee5c0 Exception <a 'java/lang/NoSuchMethodError'{0x00000000c71b7858}: 'java.lang.Object java.lang.invoke.DirectMethodHandle$Holder.invokeStatic(java.lang.Object, java.lang.Object, java.lang.Object, int, java.lang.Object, java.lang.Object)'> (0x00000000c71b7858) 
thrown [s\src\hotspot\share\interpreter\linkResolver.cpp, line 759]
Event: 1.815 Thread 0x00000206583ee5c0 Exception <a 'java/lang/NoSuchMethodError'{0x00000000c71bf9f0}: 'java.lang.Object java.lang.invoke.DirectMethodHandle$Holder.newInvokeSpecial(java.lang.Object, java.lang.Object, java.lang.Object, int, java.lang.Object)'> (0x00000000c71bf9f0) 
thrown [s\src\hotspot\share\interpreter\linkResolver.cpp, line 759]
Event: 1.816 Thread 0x00000206583ee5c0 Exception <a 'java/lang/NoSuchMethodError'{0x00000000c71c73c0}: 'java.lang.Object java.lang.invoke.Invokers$Holder.linkToTargetMethod(java.lang.Object, java.lang.Object, int, java.lang.Object, java.lang.Object)'> (0x00000000c71c73c0) 
thrown [s\src\hotspot\share\interpreter\linkResolver.cpp, line 759]
Event: 1.834 Thread 0x00000206583ee5c0 Exception <a 'java/lang/NoSuchMethodError'{0x00000000c7052910}: 'void java.lang.invoke.DirectMethodHandle$Holder.invokeStatic(java.lang.Object, java.lang.Object, java.lang.Object)'> (0x00000000c7052910) 
thrown [s\src\hotspot\share\interpreter\linkResolver.cpp, line 759]
Event: 1.890 Thread 0x00000206583ee5c0 Exception <a 'java/lang/IncompatibleClassChangeError'{0x00000000c6ff38f0}: Found class java.lang.Object, but interface was expected> (0x00000000c6ff38f0) 
thrown [s\src\hotspot\share\interpreter\linkResolver.cpp, line 826]
Event: 1.891 Thread 0x00000206583ee5c0 Exception <a 'java/lang/NoSuchMethodError'{0x00000000c6ff6650}: 'int java.lang.invoke.DirectMethodHandle$Holder.invokeSpecial(java.lang.Object, java.lang.Object, java.lang.Object, java.lang.Object, java.lang.Object)'> (0x00000000c6ff6650) 
thrown [s\src\hotspot\share\interpreter\linkResolver.cpp, line 759]

VM Operations (20 events):
Event: 0.861 Executing VM operation: G1CollectForAllocation
Event: 0.888 Executing VM operation: G1CollectForAllocation done
Event: 0.963 Executing VM operation: HandshakeAllThreads
Event: 0.963 Executing VM operation: HandshakeAllThreads done
Event: 0.995 Executing VM operation: HandshakeAllThreads
Event: 0.995 Executing VM operation: HandshakeAllThreads done
Event: 1.250 Executing VM operation: HandshakeAllThreads
Event: 1.250 Executing VM operation: HandshakeAllThreads done
Event: 1.263 Executing VM operation: HandshakeAllThreads
Event: 1.263 Executing VM operation: HandshakeAllThreads done
Event: 1.401 Executing VM operation: HandshakeAllThreads
Event: 1.401 Executing VM operation: HandshakeAllThreads done
Event: 1.402 Executing VM operation: HandshakeAllThreads
Event: 1.402 Executing VM operation: HandshakeAllThreads done
Event: 1.676 Executing VM operation: G1CollectForAllocation
Event: 1.679 Executing VM operation: G1CollectForAllocation done
Event: 1.806 Executing VM operation: HandshakeAllThreads
Event: 1.806 Executing VM operation: HandshakeAllThreads done
Event: 1.900 Executing VM operation: HandshakeAllThreads
Event: 1.900 Executing VM operation: HandshakeAllThreads done

Events (20 events):
Event: 1.877 loading class java/lang/invoke/BoundMethodHandle$Species_LLLLLLLLLLL done
Event: 1.891 loading class java/util/concurrent/ConcurrentHashMap$EntrySpliterator
Event: 1.891 loading class java/util/concurrent/ConcurrentHashMap$EntrySpliterator done
Event: 1.899 loading class java/util/stream/DistinctOps
Event: 1.899 loading class java/util/stream/DistinctOps done
Event: 1.899 loading class java/util/stream/DistinctOps$1
Event: 1.899 loading class java/util/stream/DistinctOps$1 done
Event: 1.901 loading class java/util/stream/DistinctOps$1$2
Event: 1.901 loading class java/util/stream/DistinctOps$1$2 done
Event: 1.901 loading class java/util/ImmutableCollections$Access
Event: 1.901 loading class java/util/ImmutableCollections$Access done
Event: 1.901 loading class java/util/ImmutableCollections$Access$1
Event: 1.901 loading class jdk/internal/access/JavaUtilCollectionAccess
Event: 1.901 loading class jdk/internal/access/JavaUtilCollectionAccess done
Event: 1.901 loading class java/util/ImmutableCollections$Access$1 done
Event: 1.906 loading class java/util/concurrent/ExecutionException
Event: 1.906 loading class java/util/concurrent/ExecutionException done
Event: 1.906 loading class java/util/concurrent/Callable
Event: 1.906 loading class java/util/concurrent/Callable done
Event: 1.911 loading class javax/xml/namespace/NamespaceContext


Dynamic libraries:
0x00007ff673050000 - 0x00007ff67305e000 	D:\Selenium\eclipse-java-2022-12-R-win32-x86_64\eclipse-java-2022-12-R-win32-x86_64\eclipse\plugins\org.eclipse.justj.openjdk.hotspot.jre.full.win32.x86_64_17.0.5.v20221102-0933\jre\bin\javaw.exe
0x00007ff846610000 - 0x00007ff846827000 	C:\WINDOWS\SYSTEM32\ntdll.dll
0x00007ff845e90000 - 0x00007ff845f54000 	C:\WINDOWS\System32\KERNEL32.DLL
0x00007ff843c70000 - 0x00007ff844016000 	C:\WINDOWS\System32\KERNELBASE.dll
0x00007ff843a40000 - 0x00007ff843b51000 	C:\WINDOWS\System32\ucrtbase.dll
0x00007ff8215c0000 - 0x00007ff8215d7000 	D:\Selenium\eclipse-java-2022-12-R-win32-x86_64\eclipse-java-2022-12-R-win32-x86_64\eclipse\plugins\org.eclipse.justj.openjdk.hotspot.jre.full.win32.x86_64_17.0.5.v20221102-0933\jre\bin\jli.dll
0x00007ff81ed20000 - 0x00007ff81ed39000 	D:\Selenium\eclipse-java-2022-12-R-win32-x86_64\eclipse-java-2022-12-R-win32-x86_64\eclipse\plugins\org.eclipse.justj.openjdk.hotspot.jre.full.win32.x86_64_17.0.5.v20221102-0933\jre\bin\VCRUNTIME140.dll
0x00007ff844930000 - 0x00007ff844add000 	C:\WINDOWS\System32\USER32.dll
0x00007ff843990000 - 0x00007ff8439b6000 	C:\WINDOWS\System32\win32u.dll
0x00007ff8460c0000 - 0x00007ff8460e9000 	C:\WINDOWS\System32\GDI32.dll
0x00007ff844250000 - 0x00007ff844368000 	C:\WINDOWS\System32\gdi32full.dll
0x00007ff843bd0000 - 0x00007ff843c6a000 	C:\WINDOWS\System32\msvcp_win.dll
0x00007ff81fa00000 - 0x00007ff81fc93000 	C:\WINDOWS\WinSxS\amd64_microsoft.windows.common-controls_6595b64144ccf1df_6.0.22621.2361_none_2712ced57382f843\COMCTL32.dll
0x00007ff845290000 - 0x00007ff845337000 	C:\WINDOWS\System32\msvcrt.dll
0x00007ff8451b0000 - 0x00007ff8451e1000 	C:\WINDOWS\System32\IMM32.DLL
0x00007ff83fe40000 - 0x00007ff83fe4c000 	D:\Selenium\eclipse-java-2022-12-R-win32-x86_64\eclipse-java-2022-12-R-win32-x86_64\eclipse\plugins\org.eclipse.justj.openjdk.hotspot.jre.full.win32.x86_64_17.0.5.v20221102-0933\jre\bin\vcruntime140_1.dll
0x00007ffff1670000 - 0x00007ffff1701000 	D:\Selenium\eclipse-java-2022-12-R-win32-x86_64\eclipse-java-2022-12-R-win32-x86_64\eclipse\plugins\org.eclipse.justj.openjdk.hotspot.jre.full.win32.x86_64_17.0.5.v20221102-0933\jre\bin\msvcp140.dll
0x00007fff98990000 - 0x00007fff995d4000 	D:\Selenium\eclipse-java-2022-12-R-win32-x86_64\eclipse-java-2022-12-R-win32-x86_64\eclipse\plugins\org.eclipse.justj.openjdk.hotspot.jre.full.win32.x86_64_17.0.5.v20221102-0933\jre\bin\server\jvm.dll
0x00007ff845de0000 - 0x00007ff845e90000 	C:\WINDOWS\System32\ADVAPI32.dll
0x00007ff844880000 - 0x00007ff844926000 	C:\WINDOWS\System32\sechost.dll
0x00007ff845f80000 - 0x00007ff846097000 	C:\WINDOWS\System32\RPCRT4.dll
0x00007ff8062a0000 - 0x00007ff8062a9000 	C:\WINDOWS\SYSTEM32\WSOCK32.dll
0x00007ff844ae0000 - 0x00007ff844b51000 	C:\WINDOWS\System32\WS2_32.dll
0x00007ff83a0e0000 - 0x00007ff83a114000 	C:\WINDOWS\SYSTEM32\WINMM.dll
0x00007ff8379e0000 - 0x00007ff8379ea000 	C:\WINDOWS\SYSTEM32\VERSION.dll
0x00007ff842970000 - 0x00007ff842988000 	C:\WINDOWS\SYSTEM32\kernel.appcore.dll
0x00007ffff9820000 - 0x00007ffff982a000 	D:\Selenium\eclipse-java-2022-12-R-win32-x86_64\eclipse-java-2022-12-R-win32-x86_64\eclipse\plugins\org.eclipse.justj.openjdk.hotspot.jre.full.win32.x86_64_17.0.5.v20221102-0933\jre\bin\jimage.dll
0x00007ff83a130000 - 0x00007ff83a35e000 	C:\WINDOWS\SYSTEM32\DBGHELP.DLL
0x00007ff844470000 - 0x00007ff8447fa000 	C:\WINDOWS\System32\combase.dll
0x00007ff845020000 - 0x00007ff8450f7000 	C:\WINDOWS\System32\OLEAUT32.dll
0x00007ff801630000 - 0x00007ff801662000 	C:\WINDOWS\SYSTEM32\dbgcore.DLL
0x00007ff8439c0000 - 0x00007ff843a3a000 	C:\WINDOWS\System32\bcryptPrimitives.dll
0x00007fffe3ae0000 - 0x00007fffe3b05000 	D:\Selenium\eclipse-java-2022-12-R-win32-x86_64\eclipse-java-2022-12-R-win32-x86_64\eclipse\plugins\org.eclipse.justj.openjdk.hotspot.jre.full.win32.x86_64_17.0.5.v20221102-0933\jre\bin\java.dll
0x00007fffe9ff0000 - 0x00007fffea008000 	D:\Selenium\eclipse-java-2022-12-R-win32-x86_64\eclipse-java-2022-12-R-win32-x86_64\eclipse\plugins\org.eclipse.justj.openjdk.hotspot.jre.full.win32.x86_64_17.0.5.v20221102-0933\jre\bin\zip.dll
0x00007ff845560000 - 0x00007ff845db8000 	C:\WINDOWS\System32\SHELL32.dll
0x00007ff841790000 - 0x00007ff842082000 	C:\WINDOWS\SYSTEM32\windows.storage.dll
0x00007ff8420b0000 - 0x00007ff8421ee000 	C:\WINDOWS\SYSTEM32\wintypes.dll
0x00007ff844dd0000 - 0x00007ff844ec3000 	C:\WINDOWS\System32\SHCORE.dll
0x00007ff8460f0000 - 0x00007ff84614e000 	C:\WINDOWS\System32\shlwapi.dll
0x00007ff8438c0000 - 0x00007ff8438e6000 	C:\WINDOWS\SYSTEM32\profapi.dll
0x00007fffe9d20000 - 0x00007fffe9d39000 	D:\Selenium\eclipse-java-2022-12-R-win32-x86_64\eclipse-java-2022-12-R-win32-x86_64\eclipse\plugins\org.eclipse.justj.openjdk.hotspot.jre.full.win32.x86_64_17.0.5.v20221102-0933\jre\bin\net.dll
0x00007ff838580000 - 0x00007ff8386b7000 	C:\WINDOWS\SYSTEM32\WINHTTP.dll
0x00007ff842e50000 - 0x00007ff842eb9000 	C:\WINDOWS\system32\mswsock.dll
0x00007fffe3ac0000 - 0x00007fffe3ad5000 	D:\Selenium\eclipse-java-2022-12-R-win32-x86_64\eclipse-java-2022-12-R-win32-x86_64\eclipse\plugins\org.eclipse.justj.openjdk.hotspot.jre.full.win32.x86_64_17.0.5.v20221102-0933\jre\bin\nio.dll
0x00007ff8424c0000 - 0x00007ff8425b9000 	C:\WINDOWS\SYSTEM32\DNSAPI.dll
0x00007ff842450000 - 0x00007ff84247d000 	C:\WINDOWS\SYSTEM32\IPHLPAPI.DLL
0x00007ff845550000 - 0x00007ff845559000 	C:\WINDOWS\System32\NSI.dll
0x00007ff820520000 - 0x00007ff82052a000 	C:\Windows\System32\rasadhlp.dll
0x00007ff836420000 - 0x00007ff8364a4000 	C:\WINDOWS\System32\fwpuclnt.dll
0x00007ff8430a0000 - 0x00007ff8430bb000 	C:\WINDOWS\SYSTEM32\CRYPTSP.dll
0x00007ff842930000 - 0x00007ff842965000 	C:\WINDOWS\system32\rsaenh.dll
0x00007ff842f40000 - 0x00007ff842f6c000 	C:\WINDOWS\SYSTEM32\USERENV.dll
0x00007ff843260000 - 0x00007ff843288000 	C:\WINDOWS\SYSTEM32\bcrypt.dll
0x00007ff8430c0000 - 0x00007ff8430cc000 	C:\WINDOWS\SYSTEM32\CRYPTBASE.dll
0x00007ff838810000 - 0x00007ff838829000 	C:\WINDOWS\SYSTEM32\dhcpcsvc6.DLL
0x00007ff837f30000 - 0x00007ff837f4f000 	C:\WINDOWS\SYSTEM32\dhcpcsvc.DLL
0x00007ff81e7e0000 - 0x00007ff81e7ee000 	D:\Selenium\eclipse-java-2022-12-R-win32-x86_64\eclipse-java-2022-12-R-win32-x86_64\eclipse\plugins\org.eclipse.justj.openjdk.hotspot.jre.full.win32.x86_64_17.0.5.v20221102-0933\jre\bin\sunmscapi.dll
0x00007ff844020000 - 0x00007ff844186000 	C:\WINDOWS\System32\CRYPT32.dll
0x00007ff843230000 - 0x00007ff84325d000 	C:\WINDOWS\SYSTEM32\ncrypt.dll
0x00007ff8431f0000 - 0x00007ff843227000 	C:\WINDOWS\SYSTEM32\NTASN1.dll

dbghelp: loaded successfully - version: 4.0.5 - missing functions: none
symbol engine: initialized successfully - sym options: 0x614 - pdb path: .;D:\Selenium\eclipse-java-2022-12-R-win32-x86_64\eclipse-java-2022-12-R-win32-x86_64\eclipse\plugins\org.eclipse.justj.openjdk.hotspot.jre.full.win32.x86_64_17.0.5.v20221102-0933\jre\bin;C:\WINDOWS\SYSTEM32;C:\WINDOWS\WinSxS\amd64_microsoft.windows.common-controls_6595b64144ccf1df_6.0.22621.2361_none_2712ced57382f843;D:\Selenium\eclipse-java-2022-12-R-win32-x86_64\eclipse-java-2022-12-R-win32-x86_64\eclipse\plugins\org.eclipse.justj.openjdk.hotspot.jre.full.win32.x86_64_17.0.5.v20221102-0933\jre\bin\server

VM Arguments:
jvm_args: -ea -Dfile.encoding=UTF-8 -XX:+ShowCodeDetailsInExceptionMessages 
java_command: org.testng.remote.RemoteTestNG -serport 62480 -protocol json -d D:\Selenium\eclipse-java-2022-12-R-win32-x86_64\eclipse-java-2022-12-R-win32-x86_64\eclipse\projects-workspace\MavenProject\test-output C:\Users\hp\AppData\Local\Temp\testng-eclipse--1126229268\testng-customsuite.xml
java_class_path (initial): D:\Selenium\eclipse-java-2022-12-R-win32-x86_64\eclipse-java-2022-12-R-win32-x86_64\eclipse\configuration\org.eclipse.osgi\452\0\.cp\lib\testng-remote.jar;D:\Selenium\eclipse-java-2022-12-R-win32-x86_64\eclipse-java-2022-12-R-win32-x86_64\eclipse\projects-workspace\MavenProject\target\test-classes;D:\Selenium\eclipse-java-2022-12-R-win32-x86_64\eclipse-java-2022-12-R-win32-x86_64\eclipse\projects-workspace\MavenProject\target\classes;C:\Users\hp\.m2\repository\org\seleniumhq\selenium\selenium-java\4.10.0\selenium-java-4.10.0.jar;C:\Users\hp\.m2\repository\org\seleniumhq\selenium\selenium-api\4.10.0\selenium-api-4.10.0.jar;C:\Users\hp\.m2\repository\org\seleniumhq\selenium\selenium-chrome-driver\4.10.0\selenium-chrome-driver-4.10.0.jar;C:\Users\hp\.m2\repository\com\google\auto\service\auto-service-annotations\1.0.1\auto-service-annotations-1.0.1.jar;C:\Users\hp\.m2\repository\com\google\auto\service\auto-service\1.0.1\auto-service-1.0.1.jar;C:\Users\hp\.m2\repository\com\google\auto\auto-common\1.2\auto-common-1.2.jar;C:\Users\hp\.m2\repository\com\google\guava\guava\31.1-jre\guava-31.1-jre.jar;C:\Users\hp\.m2\repository\com\google\guava\failureaccess\1.0.1\failureaccess-1.0.1.jar;C:\Users\hp\.m2\repository\com\google\guava\listenablefuture\9999.0-empty-to-avoid-conflict-with-guava\listenablefuture-9999.0-empty-to-avoid-conflict-with-guava.jar;C:\Users\hp\.m2\repository\com\google\code\findbugs\jsr305\3.0.2\jsr305-3.0.2.jar;C:\Users\hp\.m2\repository\org\checkerframework\checker-qual\3.12.0\checker-qual-3.12.0.jar;C:\Users\hp\.m2\repository\com\google\errorprone\error_prone_annotations\2.11.0\error_prone_annotations-2.11.0.jar;C:\Users\hp\.m2\repository\com\google\j2objc\j2objc-annotations\1.3\j2objc-annotations-1.3.jar;C:\Users\hp\.m2\repository\org\seleniumhq\selenium\selenium-chromium-driver\4.10.0\selenium-chromium-driver-4.10.0.jar;C:\Users\hp\.m2\repository\org\seleniumhq\selenium\selenium-json\4.10.0\selenium-json-4.10.0.jar;C:\Us
Launcher Type: SUN_STANDARD

[Global flags]
     intx CICompilerCount                          = 3                                         {product} {ergonomic}
     uint ConcGCThreads                            = 1                                         {product} {ergonomic}
     uint G1ConcRefinementThreads                  = 4                                         {product} {ergonomic}
   size_t G1HeapRegionSize                         = 1048576                                   {product} {ergonomic}
    uintx GCDrainStackTargetSize                   = 64                                        {product} {ergonomic}
   size_t InitialHeapSize                          = 65011712                                  {product} {ergonomic}
   size_t MarkStackSize                            = 4194304                                   {product} {ergonomic}
   size_t MaxHeapSize                              = 1017118720                                {product} {ergonomic}
   size_t MaxNewSize                               = 610271232                                 {product} {ergonomic}
   size_t MinHeapDeltaBytes                        = 1048576                                   {product} {ergonomic}
   size_t MinHeapSize                              = 8388608                                   {product} {ergonomic}
    uintx NonNMethodCodeHeapSize                   = 5832780                                {pd product} {ergonomic}
    uintx NonProfiledCodeHeapSize                  = 122912730                              {pd product} {ergonomic}
    uintx ProfiledCodeHeapSize                     = 122912730                              {pd product} {ergonomic}
    uintx ReservedCodeCacheSize                    = 251658240                              {pd product} {ergonomic}
     bool SegmentedCodeCache                       = true                                      {product} {ergonomic}
     bool ShowCodeDetailsInExceptionMessages       = true                                   {manageable} {command line}
   size_t SoftMaxHeapSize                          = 1017118720                             {manageable} {ergonomic}
     bool UseCompressedClassPointers               = true                           {product lp64_product} {ergonomic}
     bool UseCompressedOops                        = true                           {product lp64_product} {ergonomic}
     bool UseG1GC                                  = true                                      {product} {ergonomic}
     bool UseLargePagesIndividualAllocation        = false                                  {pd product} {ergonomic}

Logging:
Log output configuration:
 #0: stdout all=warning uptime,level,tags
 #1: stderr all=off uptime,level,tags

Environment Variables:
JAVA_HOME=C:\Program Files\Java\jdk-11.0.17
PATH=D:/Selenium/eclipse-java-2022-12-R-win32-x86_64/eclipse-java-2022-12-R-win32-x86_64/eclipse//plugins/org.eclipse.justj.openjdk.hotspot.jre.full.win32.x86_64_17.0.5.v20221102-0933/jre/bin/server;D:/Selenium/eclipse-java-2022-12-R-win32-x86_64/eclipse-java-2022-12-R-win32-x86_64/eclipse//plugins/org.eclipse.justj.openjdk.hotspot.jre.full.win32.x86_64_17.0.5.v20221102-0933/jre/bin;C:\Program Files\Java\jdk-11.0.17\bin;C:\Program Files\Common Files\Oracle\Java\javapath;D:\app\hp\product\11.2.0\dbhome_1\bin;C:\WINDOWS\system32;C:\WINDOWS;C:\WINDOWS\System32\Wbem;C:\WINDOWS\System32\WindowsPowerShell\v1.0\;C:\WINDOWS\System32\OpenSSH\;D:\Selenium\apache-maven-3.6.3-bin\apache-maven-3.6.3\bin;C:\strawberry\c\bin;C:\strawberry\perl\bin;C:\Program Files\Microsoft SQL Server\Client SDK\ODBC\170\Tools\Binn\;C:\Program Files (x86)\Microsoft SQL Server\150\Tools\Binn\;C:\Program Files\Microsoft SQL Server\150\Tools\Binn\;C:\Program Files\Microsoft SQL Server\150\DTS\Binn\;C:\Program Files\Azure Data Studio\bin;C:\ProgramData\chocolatey\bin;C:\Users\hp\AppData\Roaming\npm;C:\Program Files\Git\cmd;C:\Program Files (x86)\Microsoft SQL Server\160\DTS\Binn\;C:\Program Files\Java\jdk1.8.0_261\bin;C:\Program Files\nodejs\;C:\Users\hp\AppData\Local\Microsoft\WindowsApps;;C:\Program Files\Azure Data Studio\bin;C:\Users\hp\AppData\Roaming\npm;C:\Users\hp\AppData\Local\Programs\Microsoft VS Code\bin;D:\Selenium\eclipse-java-2022-12-R-win32-x86_64\eclipse-java-2022-12-R-win32-x86_64\eclipse;
USERNAME=hp
TERM=dumb
OS=Windows_NT
PROCESSOR_IDENTIFIER=Intel64 Family 6 Model 126 Stepping 5, GenuineIntel
TMP=C:\Users\hp\AppData\Local\Temp
TEMP=C:\Users\hp\AppData\Local\Temp



---------------  S Y S T E M  ---------------

OS:
 Windows 11 , 64 bit Build 22621 (10.0.22621.2428)
OS uptime: 3 days 22:22 hours

CPU: total 4 (initial active 4) (2 cores per cpu, 2 threads per core) family 6 model 126 stepping 5 microcode 0xa6, cx8, cmov, fxsr, ht, mmx, 3dnowpref, sse, sse2, sse3, ssse3, sse4.1, sse4.2, popcnt, lzcnt, tsc, tscinvbit, avx, avx2, aes, erms, clmul, bmi1, bmi2, adx, avx512f, avx512dq, avx512cd, avx512bw, avx512vl, sha, fma, vzeroupper, avx512_vpopcntdq, avx512_vpclmulqdq, avx512_vaes, avx512_vnni, clflush, clflushopt, avx512_vbmi2, avx512_vbmi

Memory: 4k page, system-wide physical 3877M (271M free)
TotalPageFile size 15653M (AvailPageFile size 5M)
current process WorkingSet (physical memory assigned to process): 87M, peak: 87M
current process commit charge ("private bytes"): 156M, peak: 156M

vm_info: OpenJDK 64-Bit Server VM (17.0.5+8) for windows-amd64 JRE (17.0.5+8), built on Oct 19 2022 04:48:13 by "temurin" with MS VC++ 16.7 (VS2019)

END.
